Analysis & Synthesis report for Neander
Thu Jan 25 21:17:04 2024
Quartus II 64-Bit Version 13.0.1 Build 232 06/12/2013 Service Pack 1 SJ Web Edition


---------------------
; Table of Contents ;
---------------------
  1. Legal Notice
  2. Analysis & Synthesis Summary
  3. Analysis & Synthesis Settings
  4. Parallel Compilation
  5. Analysis & Synthesis Source Files Read
  6. Analysis & Synthesis Resource Usage Summary
  7. Analysis & Synthesis Resource Utilization by Entity
  8. Analysis & Synthesis RAM Summary
  9. Registers Removed During Synthesis
 10. General Register Statistics
 11. Registers Packed Into Inferred Megafunctions
 12. Multiplexer Restructuring Statistics (Restructuring Performed)
 13. Source assignments for ROM:inst22|altsyncram:Mux1_rtl_0|altsyncram_8hv:auto_generated
 14. Parameter Settings for Inferred Entity Instance: ROM:inst22|altsyncram:Mux1_rtl_0
 15. altsyncram Parameter Settings by Entity Instance
 16. Elapsed Time Per Partition
 17. Analysis & Synthesis Messages



----------------
; Legal Notice ;
----------------
Copyright (C) 1991-2013 Altera Corporation
Your use of Altera Corporation's design tools, logic functions 
and other software and tools, and its AMPP partner logic 
functions, and any output files from any of the foregoing 
(including device programming or simulation files), and any 
associated documentation or information are expressly subject 
to the terms and conditions of the Altera Program License 
Subscription Agreement, Altera MegaCore Function License 
Agreement, or other applicable license agreement, including, 
without limitation, that your use is for the sole purpose of 
programming logic devices manufactured by Altera and sold by 
Altera or its authorized distributors.  Please refer to the 
applicable agreement for further details.



+--------------------------------------------------------------------------------------+
; Analysis & Synthesis Summary                                                         ;
+------------------------------------+-------------------------------------------------+
; Analysis & Synthesis Status        ; Successful - Thu Jan 25 21:17:04 2024           ;
; Quartus II 64-Bit Version          ; 13.0.1 Build 232 06/12/2013 SP 1 SJ Web Edition ;
; Revision Name                      ; Neander                                         ;
; Top-level Entity Name              ; Neander                                         ;
; Family                             ; Cyclone III                                     ;
; Total logic elements               ; 173                                             ;
;     Total combinational functions  ; 168                                             ;
;     Dedicated logic registers      ; 67                                              ;
; Total registers                    ; 67                                              ;
; Total pins                         ; 51                                              ;
; Total virtual pins                 ; 0                                               ;
; Total memory bits                  ; 2,048                                           ;
; Embedded Multiplier 9-bit elements ; 0                                               ;
; Total PLLs                         ; 0                                               ;
+------------------------------------+-------------------------------------------------+


+----------------------------------------------------------------------------------------------------------------------+
; Analysis & Synthesis Settings                                                                                        ;
+----------------------------------------------------------------------------+--------------------+--------------------+
; Option                                                                     ; Setting            ; Default Value      ;
+----------------------------------------------------------------------------+--------------------+--------------------+
; Device                                                                     ; EP3C16F484C6       ;                    ;
; Top-level entity name                                                      ; Neander            ; Neander            ;
; Family name                                                                ; Cyclone III        ; Cyclone IV GX      ;
; Use smart compilation                                                      ; Off                ; Off                ;
; Enable parallel Assembler and TimeQuest Timing Analyzer during compilation ; On                 ; On                 ;
; Enable compact report table                                                ; Off                ; Off                ;
; Restructure Multiplexers                                                   ; Auto               ; Auto               ;
; Create Debugging Nodes for IP Cores                                        ; Off                ; Off                ;
; Preserve fewer node names                                                  ; On                 ; On                 ;
; Disable OpenCore Plus hardware evaluation                                  ; Off                ; Off                ;
; Verilog Version                                                            ; Verilog_2001       ; Verilog_2001       ;
; VHDL Version                                                               ; VHDL_1993          ; VHDL_1993          ;
; State Machine Processing                                                   ; Auto               ; Auto               ;
; Safe State Machine                                                         ; Off                ; Off                ;
; Extract Verilog State Machines                                             ; On                 ; On                 ;
; Extract VHDL State Machines                                                ; On                 ; On                 ;
; Ignore Verilog initial constructs                                          ; Off                ; Off                ;
; Iteration limit for constant Verilog loops                                 ; 5000               ; 5000               ;
; Iteration limit for non-constant Verilog loops                             ; 250                ; 250                ;
; Add Pass-Through Logic to Inferred RAMs                                    ; On                 ; On                 ;
; Infer RAMs from Raw Logic                                                  ; On                 ; On                 ;
; Parallel Synthesis                                                         ; On                 ; On                 ;
; DSP Block Balancing                                                        ; Auto               ; Auto               ;
; NOT Gate Push-Back                                                         ; On                 ; On                 ;
; Power-Up Don't Care                                                        ; On                 ; On                 ;
; Remove Redundant Logic Cells                                               ; Off                ; Off                ;
; Remove Duplicate Registers                                                 ; On                 ; On                 ;
; Ignore CARRY Buffers                                                       ; Off                ; Off                ;
; Ignore CASCADE Buffers                                                     ; Off                ; Off                ;
; Ignore GLOBAL Buffers                                                      ; Off                ; Off                ;
; Ignore ROW GLOBAL Buffers                                                  ; Off                ; Off                ;
; Ignore LCELL Buffers                                                       ; Off                ; Off                ;
; Ignore SOFT Buffers                                                        ; On                 ; On                 ;
; Limit AHDL Integers to 32 Bits                                             ; Off                ; Off                ;
; Optimization Technique                                                     ; Balanced           ; Balanced           ;
; Carry Chain Length                                                         ; 70                 ; 70                 ;
; Auto Carry Chains                                                          ; On                 ; On                 ;
; Auto Open-Drain Pins                                                       ; On                 ; On                 ;
; Perform WYSIWYG Primitive Resynthesis                                      ; Off                ; Off                ;
; Auto ROM Replacement                                                       ; On                 ; On                 ;
; Auto RAM Replacement                                                       ; On                 ; On                 ;
; Auto DSP Block Replacement                                                 ; On                 ; On                 ;
; Auto Shift Register Replacement                                            ; Auto               ; Auto               ;
; Allow Shift Register Merging across Hierarchies                            ; Auto               ; Auto               ;
; Auto Clock Enable Replacement                                              ; On                 ; On                 ;
; Strict RAM Replacement                                                     ; Off                ; Off                ;
; Allow Synchronous Control Signals                                          ; On                 ; On                 ;
; Force Use of Synchronous Clear Signals                                     ; Off                ; Off                ;
; Auto RAM Block Balancing                                                   ; On                 ; On                 ;
; Auto RAM to Logic Cell Conversion                                          ; Off                ; Off                ;
; Auto Resource Sharing                                                      ; Off                ; Off                ;
; Allow Any RAM Size For Recognition                                         ; Off                ; Off                ;
; Allow Any ROM Size For Recognition                                         ; Off                ; Off                ;
; Allow Any Shift Register Size For Recognition                              ; Off                ; Off                ;
; Use LogicLock Constraints during Resource Balancing                        ; On                 ; On                 ;
; Ignore translate_off and synthesis_off directives                          ; Off                ; Off                ;
; Timing-Driven Synthesis                                                    ; On                 ; On                 ;
; Report Parameter Settings                                                  ; On                 ; On                 ;
; Report Source Assignments                                                  ; On                 ; On                 ;
; Report Connectivity Checks                                                 ; On                 ; On                 ;
; Ignore Maximum Fan-Out Assignments                                         ; Off                ; Off                ;
; Synchronization Register Chain Length                                      ; 2                  ; 2                  ;
; PowerPlay Power Optimization                                               ; Normal compilation ; Normal compilation ;
; HDL message level                                                          ; Level2             ; Level2             ;
; Suppress Register Optimization Related Messages                            ; Off                ; Off                ;
; Number of Removed Registers Reported in Synthesis Report                   ; 5000               ; 5000               ;
; Number of Swept Nodes Reported in Synthesis Report                         ; 5000               ; 5000               ;
; Number of Inverted Registers Reported in Synthesis Report                  ; 100                ; 100                ;
; Clock MUX Protection                                                       ; On                 ; On                 ;
; Auto Gated Clock Conversion                                                ; Off                ; Off                ;
; Block Design Naming                                                        ; Auto               ; Auto               ;
; SDC constraint protection                                                  ; Off                ; Off                ;
; Synthesis Effort                                                           ; Auto               ; Auto               ;
; Shift Register Replacement - Allow Asynchronous Clear Signal               ; On                 ; On                 ;
; Pre-Mapping Resynthesis Optimization                                       ; Off                ; Off                ;
; Analysis & Synthesis Message Level                                         ; Medium             ; Medium             ;
; Disable Register Merging Across Hierarchies                                ; Auto               ; Auto               ;
; Resource Aware Inference For Block RAM                                     ; On                 ; On                 ;
; Synthesis Seed                                                             ; 1                  ; 1                  ;
+----------------------------------------------------------------------------+--------------------+--------------------+


Parallel compilation was disabled, but you have multiple processors available. Enable parallel compilation to reduce compilation time.
+-------------------------------------+
; Parallel Compilation                ;
+----------------------------+--------+
; Processors                 ; Number ;
+----------------------------+--------+
; Number detected on machine ; 4      ;
; Maximum allowed            ; 1      ;
+----------------------------+--------+


+----------------------------------------------------------------------------------------------------------------------------------------------------------------------+
; Analysis & Synthesis Source Files Read                                                                                                                               ;
+----------------------------------+-----------------+------------------------------------+------------------------------------------------------------------+---------+
; File Name with User-Entered Path ; Used in Netlist ; File Type                          ; File Name with Absolute Path                                     ; Library ;
+----------------------------------+-----------------+------------------------------------+------------------------------------------------------------------+---------+
; PC.bdf                           ; yes             ; User Block Diagram/Schematic File  ; C:/Users/Schuler/Desktop/Neander/PC.bdf                          ;         ;
; MUX31_1B.bdf                     ; yes             ; User Block Diagram/Schematic File  ; C:/Users/Schuler/Desktop/Neander/MUX31_1B.bdf                    ;         ;
; Neander.bdf                      ; yes             ; User Block Diagram/Schematic File  ; C:/Users/Schuler/Desktop/Neander/Neander.bdf                     ;         ;
; Adder_8B.bdf                     ; yes             ; User Block Diagram/Schematic File  ; C:/Users/Schuler/Desktop/Neander/Adder_8B.bdf                    ;         ;
; AC.bdf                           ; yes             ; User Block Diagram/Schematic File  ; C:/Users/Schuler/Desktop/Neander/AC.bdf                          ;         ;
; Encoder_ULA.bdf                  ; yes             ; User Block Diagram/Schematic File  ; C:/Users/Schuler/Desktop/Neander/Encoder_ULA.bdf                 ;         ;
; REG_FLAGS_NZ.bdf                 ; yes             ; User Block Diagram/Schematic File  ; C:/Users/Schuler/Desktop/Neander/REG_FLAGS_NZ.bdf                ;         ;
; RDM.bdf                          ; yes             ; User Block Diagram/Schematic File  ; C:/Users/Schuler/Desktop/Neander/RDM.bdf                         ;         ;
; RI_opcode.bdf                    ; yes             ; User Block Diagram/Schematic File  ; C:/Users/Schuler/Desktop/Neander/RI_opcode.bdf                   ;         ;
; ROM.vhd                          ; yes             ; User VHDL File                     ; C:/Users/Schuler/Desktop/Neander/ROM.vhd                         ;         ;
; unid_cont.bdf                    ; yes             ; User Block Diagram/Schematic File  ; C:/Users/Schuler/Desktop/Neander/unid_cont.bdf                   ;         ;
; dec_instrucao.bdf                ; yes             ; User Block Diagram/Schematic File  ; C:/Users/Schuler/Desktop/Neander/dec_instrucao.bdf               ;         ;
; mux21_1b.bdf                     ; yes             ; User Block Diagram/Schematic File  ; C:/Users/Schuler/Desktop/Neander/mux21_1b.bdf                    ;         ;
; divfreq.bdf                      ; yes             ; User Block Diagram/Schematic File  ; C:/Users/Schuler/Desktop/Neander/divfreq.bdf                     ;         ;
; rem.bdf                          ; yes             ; User Block Diagram/Schematic File  ; C:/Users/Schuler/Desktop/Neander/rem.bdf                         ;         ;
; mux21_8b.bdf                     ; yes             ; User Block Diagram/Schematic File  ; C:/Users/Schuler/Desktop/Neander/mux21_8b.bdf                    ;         ;
; auxsomador.bdf                   ; yes             ; User Block Diagram/Schematic File  ; C:/Users/Schuler/Desktop/Neander/auxsomador.bdf                  ;         ;
; ula.bdf                          ; yes             ; User Block Diagram/Schematic File  ; C:/Users/Schuler/Desktop/Neander/ula.bdf                         ;         ;
; fa.bdf                           ; yes             ; User Block Diagram/Schematic File  ; C:/Users/Schuler/Desktop/Neander/fa.bdf                          ;         ;
; ha.bdf                           ; yes             ; User Block Diagram/Schematic File  ; C:/Users/Schuler/Desktop/Neander/ha.bdf                          ;         ;
; temporizador.bdf                 ; yes             ; User Block Diagram/Schematic File  ; C:/Users/Schuler/Desktop/Neander/temporizador.bdf                ;         ;
; dec_3_8.bdf                      ; yes             ; User Block Diagram/Schematic File  ; C:/Users/Schuler/Desktop/Neander/dec_3_8.bdf                     ;         ;
; BCD_AC.bdf                       ; yes             ; User Block Diagram/Schematic File  ; C:/Users/Schuler/Desktop/Neander/BCD_AC.bdf                      ;         ;
; BCD_PC.bdf                       ; yes             ; User Block Diagram/Schematic File  ; C:/Users/Schuler/Desktop/Neander/BCD_PC.bdf                      ;         ;
; bcd_a.bdf                        ; yes             ; User Block Diagram/Schematic File  ; C:/Users/Schuler/Desktop/Neander/bcd_a.bdf                       ;         ;
; bcd_b.bdf                        ; yes             ; User Block Diagram/Schematic File  ; C:/Users/Schuler/Desktop/Neander/bcd_b.bdf                       ;         ;
; bcd_c.bdf                        ; yes             ; User Block Diagram/Schematic File  ; C:/Users/Schuler/Desktop/Neander/bcd_c.bdf                       ;         ;
; bcd_d.bdf                        ; yes             ; User Block Diagram/Schematic File  ; C:/Users/Schuler/Desktop/Neander/bcd_d.bdf                       ;         ;
; bcd_e.bdf                        ; yes             ; User Block Diagram/Schematic File  ; C:/Users/Schuler/Desktop/Neander/bcd_e.bdf                       ;         ;
; bcd_f.bdf                        ; yes             ; User Block Diagram/Schematic File  ; C:/Users/Schuler/Desktop/Neander/bcd_f.bdf                       ;         ;
; bcd_g.bdf                        ; yes             ; User Block Diagram/Schematic File  ; C:/Users/Schuler/Desktop/Neander/bcd_g.bdf                       ;         ;
; altsyncram.tdf                   ; yes             ; Megafunction                       ; c:/quartus/quartus/libraries/megafunctions/altsyncram.tdf        ;         ;
; stratix_ram_block.inc            ; yes             ; Megafunction                       ; c:/quartus/quartus/libraries/megafunctions/stratix_ram_block.inc ;         ;
; lpm_mux.inc                      ; yes             ; Megafunction                       ; c:/quartus/quartus/libraries/megafunctions/lpm_mux.inc           ;         ;
; lpm_decode.inc                   ; yes             ; Megafunction                       ; c:/quartus/quartus/libraries/megafunctions/lpm_decode.inc        ;         ;
; aglobal130.inc                   ; yes             ; Megafunction                       ; c:/quartus/quartus/libraries/megafunctions/aglobal130.inc        ;         ;
; a_rdenreg.inc                    ; yes             ; Megafunction                       ; c:/quartus/quartus/libraries/megafunctions/a_rdenreg.inc         ;         ;
; altrom.inc                       ; yes             ; Megafunction                       ; c:/quartus/quartus/libraries/megafunctions/altrom.inc            ;         ;
; altram.inc                       ; yes             ; Megafunction                       ; c:/quartus/quartus/libraries/megafunctions/altram.inc            ;         ;
; altdpram.inc                     ; yes             ; Megafunction                       ; c:/quartus/quartus/libraries/megafunctions/altdpram.inc          ;         ;
; db/altsyncram_8hv.tdf            ; yes             ; Auto-Generated Megafunction        ; C:/Users/Schuler/Desktop/Neander/db/altsyncram_8hv.tdf           ;         ;
+----------------------------------+-----------------+------------------------------------+------------------------------------------------------------------+---------+


+-----------------------------------------------------------+
; Analysis & Synthesis Resource Usage Summary               ;
+---------------------------------------------+-------------+
; Resource                                    ; Usage       ;
+---------------------------------------------+-------------+
; Estimated Total logic elements              ; 173         ;
;                                             ;             ;
; Total combinational functions               ; 168         ;
; Logic element usage by number of LUT inputs ;             ;
;     -- 4 input functions                    ; 98          ;
;     -- 3 input functions                    ; 40          ;
;     -- <=2 input functions                  ; 30          ;
;                                             ;             ;
; Logic elements by mode                      ;             ;
;     -- normal mode                          ; 168         ;
;     -- arithmetic mode                      ; 0           ;
;                                             ;             ;
; Total registers                             ; 67          ;
;     -- Dedicated logic registers            ; 67          ;
;     -- I/O registers                        ; 0           ;
;                                             ;             ;
; I/O pins                                    ; 51          ;
; Total memory bits                           ; 2048        ;
; Embedded Multiplier 9-bit elements          ; 0           ;
; Maximum fan-out node                        ; clear~input ;
; Maximum fan-out                             ; 55          ;
; Total fan-out                               ; 936         ;
; Average fan-out                             ; 2.71        ;
+---------------------------------------------+-------------+


+-----------------------------------------------------------------------------------------------------------------------------------------------------------------------------------------------------------------------------------------------+
; Analysis & Synthesis Resource Utilization by Entity                                                                                                                                                                                           ;
+------------------------------------------+-------------------+--------------+-------------+--------------+---------+-----------+------+--------------+-------------------------------------------------------------------------+--------------+
; Compilation Hierarchy Node               ; LC Combinationals ; LC Registers ; Memory Bits ; DSP Elements ; DSP 9x9 ; DSP 18x18 ; Pins ; Virtual Pins ; Full Hierarchy Name                                                     ; Library Name ;
+------------------------------------------+-------------------+--------------+-------------+--------------+---------+-----------+------+--------------+-------------------------------------------------------------------------+--------------+
; |Neander                                 ; 168 (0)           ; 67 (0)       ; 2048        ; 0            ; 0       ; 0         ; 51   ; 0            ; |Neander                                                                ; work         ;
;    |AC:inst9|                            ; 0 (0)             ; 8 (8)        ; 0           ; 0            ; 0       ; 0         ; 0    ; 0            ; |Neander|AC:inst9                                                       ; work         ;
;    |BCD_AC:inst4|                        ; 14 (0)            ; 0 (0)        ; 0           ; 0            ; 0       ; 0         ; 0    ; 0            ; |Neander|BCD_AC:inst4                                                   ; work         ;
;       |BCD_A:inst7|                      ; 1 (1)             ; 0 (0)        ; 0           ; 0            ; 0       ; 0         ; 0    ; 0            ; |Neander|BCD_AC:inst4|BCD_A:inst7                                       ; work         ;
;       |BCD_A:inst|                       ; 1 (1)             ; 0 (0)        ; 0           ; 0            ; 0       ; 0         ; 0    ; 0            ; |Neander|BCD_AC:inst4|BCD_A:inst                                        ; work         ;
;       |BCD_B:inst1|                      ; 1 (1)             ; 0 (0)        ; 0           ; 0            ; 0       ; 0         ; 0    ; 0            ; |Neander|BCD_AC:inst4|BCD_B:inst1                                       ; work         ;
;       |BCD_B:inst8|                      ; 1 (1)             ; 0 (0)        ; 0           ; 0            ; 0       ; 0         ; 0    ; 0            ; |Neander|BCD_AC:inst4|BCD_B:inst8                                       ; work         ;
;       |BCD_C:inst10|                     ; 1 (1)             ; 0 (0)        ; 0           ; 0            ; 0       ; 0         ; 0    ; 0            ; |Neander|BCD_AC:inst4|BCD_C:inst10                                      ; work         ;
;       |BCD_C:inst2|                      ; 1 (1)             ; 0 (0)        ; 0           ; 0            ; 0       ; 0         ; 0    ; 0            ; |Neander|BCD_AC:inst4|BCD_C:inst2                                       ; work         ;
;       |BCD_D:inst11|                     ; 1 (1)             ; 0 (0)        ; 0           ; 0            ; 0       ; 0         ; 0    ; 0            ; |Neander|BCD_AC:inst4|BCD_D:inst11                                      ; work         ;
;       |BCD_D:inst3|                      ; 1 (1)             ; 0 (0)        ; 0           ; 0            ; 0       ; 0         ; 0    ; 0            ; |Neander|BCD_AC:inst4|BCD_D:inst3                                       ; work         ;
;       |BCD_E:inst12|                     ; 1 (1)             ; 0 (0)        ; 0           ; 0            ; 0       ; 0         ; 0    ; 0            ; |Neander|BCD_AC:inst4|BCD_E:inst12                                      ; work         ;
;       |BCD_E:inst4|                      ; 1 (1)             ; 0 (0)        ; 0           ; 0            ; 0       ; 0         ; 0    ; 0            ; |Neander|BCD_AC:inst4|BCD_E:inst4                                       ; work         ;
;       |BCD_F:inst13|                     ; 1 (1)             ; 0 (0)        ; 0           ; 0            ; 0       ; 0         ; 0    ; 0            ; |Neander|BCD_AC:inst4|BCD_F:inst13                                      ; work         ;
;       |BCD_F:inst5|                      ; 1 (1)             ; 0 (0)        ; 0           ; 0            ; 0       ; 0         ; 0    ; 0            ; |Neander|BCD_AC:inst4|BCD_F:inst5                                       ; work         ;
;       |BCD_G:inst14|                     ; 1 (1)             ; 0 (0)        ; 0           ; 0            ; 0       ; 0         ; 0    ; 0            ; |Neander|BCD_AC:inst4|BCD_G:inst14                                      ; work         ;
;       |BCD_G:inst6|                      ; 1 (1)             ; 0 (0)        ; 0           ; 0            ; 0       ; 0         ; 0    ; 0            ; |Neander|BCD_AC:inst4|BCD_G:inst6                                       ; work         ;
;    |BCD_PC:inst12|                       ; 14 (0)            ; 0 (0)        ; 0           ; 0            ; 0       ; 0         ; 0    ; 0            ; |Neander|BCD_PC:inst12                                                  ; work         ;
;       |BCD_A:inst9|                      ; 1 (1)             ; 0 (0)        ; 0           ; 0            ; 0       ; 0         ; 0    ; 0            ; |Neander|BCD_PC:inst12|BCD_A:inst9                                      ; work         ;
;       |BCD_A:inst|                       ; 1 (1)             ; 0 (0)        ; 0           ; 0            ; 0       ; 0         ; 0    ; 0            ; |Neander|BCD_PC:inst12|BCD_A:inst                                       ; work         ;
;       |BCD_B:inst15|                     ; 1 (1)             ; 0 (0)        ; 0           ; 0            ; 0       ; 0         ; 0    ; 0            ; |Neander|BCD_PC:inst12|BCD_B:inst15                                     ; work         ;
;       |BCD_B:inst1|                      ; 1 (1)             ; 0 (0)        ; 0           ; 0            ; 0       ; 0         ; 0    ; 0            ; |Neander|BCD_PC:inst12|BCD_B:inst1                                      ; work         ;
;       |BCD_C:inst10|                     ; 1 (1)             ; 0 (0)        ; 0           ; 0            ; 0       ; 0         ; 0    ; 0            ; |Neander|BCD_PC:inst12|BCD_C:inst10                                     ; work         ;
;       |BCD_C:inst2|                      ; 1 (1)             ; 0 (0)        ; 0           ; 0            ; 0       ; 0         ; 0    ; 0            ; |Neander|BCD_PC:inst12|BCD_C:inst2                                      ; work         ;
;       |BCD_D:inst11|                     ; 1 (1)             ; 0 (0)        ; 0           ; 0            ; 0       ; 0         ; 0    ; 0            ; |Neander|BCD_PC:inst12|BCD_D:inst11                                     ; work         ;
;       |BCD_D:inst3|                      ; 1 (1)             ; 0 (0)        ; 0           ; 0            ; 0       ; 0         ; 0    ; 0            ; |Neander|BCD_PC:inst12|BCD_D:inst3                                      ; work         ;
;       |BCD_E:inst12|                     ; 1 (1)             ; 0 (0)        ; 0           ; 0            ; 0       ; 0         ; 0    ; 0            ; |Neander|BCD_PC:inst12|BCD_E:inst12                                     ; work         ;
;       |BCD_E:inst4|                      ; 1 (1)             ; 0 (0)        ; 0           ; 0            ; 0       ; 0         ; 0    ; 0            ; |Neander|BCD_PC:inst12|BCD_E:inst4                                      ; work         ;
;       |BCD_F:inst13|                     ; 1 (1)             ; 0 (0)        ; 0           ; 0            ; 0       ; 0         ; 0    ; 0            ; |Neander|BCD_PC:inst12|BCD_F:inst13                                     ; work         ;
;       |BCD_F:inst5|                      ; 1 (1)             ; 0 (0)        ; 0           ; 0            ; 0       ; 0         ; 0    ; 0            ; |Neander|BCD_PC:inst12|BCD_F:inst5                                      ; work         ;
;       |BCD_G:inst14|                     ; 1 (1)             ; 0 (0)        ; 0           ; 0            ; 0       ; 0         ; 0    ; 0            ; |Neander|BCD_PC:inst12|BCD_G:inst14                                     ; work         ;
;       |BCD_G:inst6|                      ; 1 (1)             ; 0 (0)        ; 0           ; 0            ; 0       ; 0         ; 0    ; 0            ; |Neander|BCD_PC:inst12|BCD_G:inst6                                      ; work         ;
;    |DEC_INSTRUCAO:inst3|                 ; 11 (11)           ; 0 (0)        ; 0           ; 0            ; 0       ; 0         ; 0    ; 0            ; |Neander|DEC_INSTRUCAO:inst3                                            ; work         ;
;    |Encoder_ULA:inst10|                  ; 2 (2)             ; 0 (0)        ; 0           ; 0            ; 0       ; 0         ; 0    ; 0            ; |Neander|Encoder_ULA:inst10                                             ; work         ;
;    |MUX21_1B:inst13|                     ; 1 (1)             ; 0 (0)        ; 0           ; 0            ; 0       ; 0         ; 0    ; 0            ; |Neander|MUX21_1B:inst13                                                ; work         ;
;    |PC:inst|                             ; 15 (1)            ; 8 (2)        ; 0           ; 0            ; 0       ; 0         ; 0    ; 0            ; |Neander|PC:inst                                                        ; work         ;
;       |AuxSomador:inst11|                ; 2 (1)             ; 1 (1)        ; 0           ; 0            ; 0       ; 0         ; 0    ; 0            ; |Neander|PC:inst|AuxSomador:inst11                                      ; work         ;
;          |MUX31_1B:inst4|                ; 1 (0)             ; 0 (0)        ; 0           ; 0            ; 0       ; 0         ; 0    ; 0            ; |Neander|PC:inst|AuxSomador:inst11|MUX31_1B:inst4                       ; work         ;
;             |MUX21_1B:inst4|             ; 1 (1)             ; 0 (0)        ; 0           ; 0            ; 0       ; 0         ; 0    ; 0            ; |Neander|PC:inst|AuxSomador:inst11|MUX31_1B:inst4|MUX21_1B:inst4        ; work         ;
;       |AuxSomador:inst12|                ; 2 (1)             ; 1 (1)        ; 0           ; 0            ; 0       ; 0         ; 0    ; 0            ; |Neander|PC:inst|AuxSomador:inst12                                      ; work         ;
;          |MUX31_1B:inst4|                ; 1 (0)             ; 0 (0)        ; 0           ; 0            ; 0       ; 0         ; 0    ; 0            ; |Neander|PC:inst|AuxSomador:inst12|MUX31_1B:inst4                       ; work         ;
;             |MUX21_1B:inst4|             ; 1 (1)             ; 0 (0)        ; 0           ; 0            ; 0       ; 0         ; 0    ; 0            ; |Neander|PC:inst|AuxSomador:inst12|MUX31_1B:inst4|MUX21_1B:inst4        ; work         ;
;       |AuxSomador:inst13|                ; 2 (1)             ; 1 (1)        ; 0           ; 0            ; 0       ; 0         ; 0    ; 0            ; |Neander|PC:inst|AuxSomador:inst13                                      ; work         ;
;          |MUX31_1B:inst4|                ; 1 (0)             ; 0 (0)        ; 0           ; 0            ; 0       ; 0         ; 0    ; 0            ; |Neander|PC:inst|AuxSomador:inst13|MUX31_1B:inst4                       ; work         ;
;             |MUX21_1B:inst4|             ; 1 (1)             ; 0 (0)        ; 0           ; 0            ; 0       ; 0         ; 0    ; 0            ; |Neander|PC:inst|AuxSomador:inst13|MUX31_1B:inst4|MUX21_1B:inst4        ; work         ;
;       |AuxSomador:inst14|                ; 2 (1)             ; 1 (1)        ; 0           ; 0            ; 0       ; 0         ; 0    ; 0            ; |Neander|PC:inst|AuxSomador:inst14                                      ; work         ;
;          |MUX31_1B:inst4|                ; 1 (0)             ; 0 (0)        ; 0           ; 0            ; 0       ; 0         ; 0    ; 0            ; |Neander|PC:inst|AuxSomador:inst14|MUX31_1B:inst4                       ; work         ;
;             |MUX21_1B:inst4|             ; 1 (1)             ; 0 (0)        ; 0           ; 0            ; 0       ; 0         ; 0    ; 0            ; |Neander|PC:inst|AuxSomador:inst14|MUX31_1B:inst4|MUX21_1B:inst4        ; work         ;
;       |AuxSomador:inst15|                ; 2 (1)             ; 1 (1)        ; 0           ; 0            ; 0       ; 0         ; 0    ; 0            ; |Neander|PC:inst|AuxSomador:inst15                                      ; work         ;
;          |MUX31_1B:inst4|                ; 1 (0)             ; 0 (0)        ; 0           ; 0            ; 0       ; 0         ; 0    ; 0            ; |Neander|PC:inst|AuxSomador:inst15|MUX31_1B:inst4                       ; work         ;
;             |MUX21_1B:inst4|             ; 1 (1)             ; 0 (0)        ; 0           ; 0            ; 0       ; 0         ; 0    ; 0            ; |Neander|PC:inst|AuxSomador:inst15|MUX31_1B:inst4|MUX21_1B:inst4        ; work         ;
;       |AuxSomador:inst|                  ; 2 (1)             ; 1 (1)        ; 0           ; 0            ; 0       ; 0         ; 0    ; 0            ; |Neander|PC:inst|AuxSomador:inst                                        ; work         ;
;          |MUX31_1B:inst4|                ; 1 (0)             ; 0 (0)        ; 0           ; 0            ; 0       ; 0         ; 0    ; 0            ; |Neander|PC:inst|AuxSomador:inst|MUX31_1B:inst4                         ; work         ;
;             |MUX21_1B:inst4|             ; 1 (1)             ; 0 (0)        ; 0           ; 0            ; 0       ; 0         ; 0    ; 0            ; |Neander|PC:inst|AuxSomador:inst|MUX31_1B:inst4|MUX21_1B:inst4          ; work         ;
;       |MUX31_1B:inst10|                  ; 1 (0)             ; 0 (0)        ; 0           ; 0            ; 0       ; 0         ; 0    ; 0            ; |Neander|PC:inst|MUX31_1B:inst10                                        ; work         ;
;          |MUX21_1B:inst4|                ; 1 (1)             ; 0 (0)        ; 0           ; 0            ; 0       ; 0         ; 0    ; 0            ; |Neander|PC:inst|MUX31_1B:inst10|MUX21_1B:inst4                         ; work         ;
;       |MUX31_1B:inst9|                   ; 1 (0)             ; 0 (0)        ; 0           ; 0            ; 0       ; 0         ; 0    ; 0            ; |Neander|PC:inst|MUX31_1B:inst9                                         ; work         ;
;          |MUX21_1B:inst4|                ; 1 (1)             ; 0 (0)        ; 0           ; 0            ; 0       ; 0         ; 0    ; 0            ; |Neander|PC:inst|MUX31_1B:inst9|MUX21_1B:inst4                          ; work         ;
;    |RDM:inst23|                          ; 8 (8)             ; 10 (10)      ; 0           ; 0            ; 0       ; 0         ; 0    ; 0            ; |Neander|RDM:inst23                                                     ; work         ;
;    |REG_FLAGS_NZ:inst2|                  ; 0 (0)             ; 1 (1)        ; 0           ; 0            ; 0       ; 0         ; 0    ; 0            ; |Neander|REG_FLAGS_NZ:inst2                                             ; work         ;
;    |REM:inst7|                           ; 8 (0)             ; 8 (8)        ; 0           ; 0            ; 0       ; 0         ; 0    ; 0            ; |Neander|REM:inst7                                                      ; work         ;
;       |MUX21_1B:inst10|                  ; 1 (1)             ; 0 (0)        ; 0           ; 0            ; 0       ; 0         ; 0    ; 0            ; |Neander|REM:inst7|MUX21_1B:inst10                                      ; work         ;
;       |MUX21_1B:inst13|                  ; 1 (1)             ; 0 (0)        ; 0           ; 0            ; 0       ; 0         ; 0    ; 0            ; |Neander|REM:inst7|MUX21_1B:inst13                                      ; work         ;
;       |MUX21_1B:inst16|                  ; 1 (1)             ; 0 (0)        ; 0           ; 0            ; 0       ; 0         ; 0    ; 0            ; |Neander|REM:inst7|MUX21_1B:inst16                                      ; work         ;
;       |MUX21_1B:inst19|                  ; 1 (1)             ; 0 (0)        ; 0           ; 0            ; 0       ; 0         ; 0    ; 0            ; |Neander|REM:inst7|MUX21_1B:inst19                                      ; work         ;
;       |MUX21_1B:inst22|                  ; 1 (1)             ; 0 (0)        ; 0           ; 0            ; 0       ; 0         ; 0    ; 0            ; |Neander|REM:inst7|MUX21_1B:inst22                                      ; work         ;
;       |MUX21_1B:inst4|                   ; 1 (1)             ; 0 (0)        ; 0           ; 0            ; 0       ; 0         ; 0    ; 0            ; |Neander|REM:inst7|MUX21_1B:inst4                                       ; work         ;
;       |MUX21_1B:inst7|                   ; 1 (1)             ; 0 (0)        ; 0           ; 0            ; 0       ; 0         ; 0    ; 0            ; |Neander|REM:inst7|MUX21_1B:inst7                                       ; work         ;
;       |MUX21_1B:inst|                    ; 1 (1)             ; 0 (0)        ; 0           ; 0            ; 0       ; 0         ; 0    ; 0            ; |Neander|REM:inst7|MUX21_1B:inst                                        ; work         ;
;    |RI_opcode:inst15|                    ; 0 (0)             ; 4 (4)        ; 0           ; 0            ; 0       ; 0         ; 0    ; 0            ; |Neander|RI_opcode:inst15                                               ; work         ;
;    |ROM:inst22|                          ; 0 (0)             ; 0 (0)        ; 2048        ; 0            ; 0       ; 0         ; 0    ; 0            ; |Neander|ROM:inst22                                                     ; work         ;
;       |altsyncram:Mux1_rtl_0|            ; 0 (0)             ; 0 (0)        ; 2048        ; 0            ; 0       ; 0         ; 0    ; 0            ; |Neander|ROM:inst22|altsyncram:Mux1_rtl_0                               ; work         ;
;          |altsyncram_8hv:auto_generated| ; 0 (0)             ; 0 (0)        ; 2048        ; 0            ; 0       ; 0         ; 0    ; 0            ; |Neander|ROM:inst22|altsyncram:Mux1_rtl_0|altsyncram_8hv:auto_generated ; work         ;
;    |TEMPORIZADOR:inst17|                 ; 9 (3)             ; 4 (4)        ; 0           ; 0            ; 0       ; 0         ; 0    ; 0            ; |Neander|TEMPORIZADOR:inst17                                            ; work         ;
;       |DEC_3_8:inst31|                   ; 5 (5)             ; 0 (0)        ; 0           ; 0            ; 0       ; 0         ; 0    ; 0            ; |Neander|TEMPORIZADOR:inst17|DEC_3_8:inst31                             ; work         ;
;       |MUX21_1B:inst|                    ; 1 (1)             ; 0 (0)        ; 0           ; 0            ; 0       ; 0         ; 0    ; 0            ; |Neander|TEMPORIZADOR:inst17|MUX21_1B:inst                              ; work         ;
;    |ULA:inst6|                           ; 40 (3)            ; 0 (0)        ; 0           ; 0            ; 0       ; 0         ; 0    ; 0            ; |Neander|ULA:inst6                                                      ; work         ;
;       |Adder_8B:inst1|                   ; 9 (0)             ; 0 (0)        ; 0           ; 0            ; 0       ; 0         ; 0    ; 0            ; |Neander|ULA:inst6|Adder_8B:inst1                                       ; work         ;
;          |FA:inst1|                      ; 1 (1)             ; 0 (0)        ; 0           ; 0            ; 0       ; 0         ; 0    ; 0            ; |Neander|ULA:inst6|Adder_8B:inst1|FA:inst1                              ; work         ;
;          |FA:inst2|                      ; 2 (2)             ; 0 (0)        ; 0           ; 0            ; 0       ; 0         ; 0    ; 0            ; |Neander|ULA:inst6|Adder_8B:inst1|FA:inst2                              ; work         ;
;          |FA:inst3|                      ; 1 (1)             ; 0 (0)        ; 0           ; 0            ; 0       ; 0         ; 0    ; 0            ; |Neander|ULA:inst6|Adder_8B:inst1|FA:inst3                              ; work         ;
;          |FA:inst4|                      ; 1 (1)             ; 0 (0)        ; 0           ; 0            ; 0       ; 0         ; 0    ; 0            ; |Neander|ULA:inst6|Adder_8B:inst1|FA:inst4                              ; work         ;
;          |FA:inst|                       ; 4 (4)             ; 0 (0)        ; 0           ; 0            ; 0       ; 0         ; 0    ; 0            ; |Neander|ULA:inst6|Adder_8B:inst1|FA:inst                               ; work         ;
;       |MUX21_8B:inst10|                  ; 28 (0)            ; 0 (0)        ; 0           ; 0            ; 0       ; 0         ; 0    ; 0            ; |Neander|ULA:inst6|MUX21_8B:inst10                                      ; work         ;
;          |MUX21_1B:inst1|                ; 2 (2)             ; 0 (0)        ; 0           ; 0            ; 0       ; 0         ; 0    ; 0            ; |Neander|ULA:inst6|MUX21_8B:inst10|MUX21_1B:inst1                       ; work         ;
;          |MUX21_1B:inst2|                ; 4 (4)             ; 0 (0)        ; 0           ; 0            ; 0       ; 0         ; 0    ; 0            ; |Neander|ULA:inst6|MUX21_8B:inst10|MUX21_1B:inst2                       ; work         ;
;          |MUX21_1B:inst3|                ; 3 (3)             ; 0 (0)        ; 0           ; 0            ; 0       ; 0         ; 0    ; 0            ; |Neander|ULA:inst6|MUX21_8B:inst10|MUX21_1B:inst3                       ; work         ;
;          |MUX21_1B:inst4|                ; 4 (4)             ; 0 (0)        ; 0           ; 0            ; 0       ; 0         ; 0    ; 0            ; |Neander|ULA:inst6|MUX21_8B:inst10|MUX21_1B:inst4                       ; work         ;
;          |MUX21_1B:inst5|                ; 3 (3)             ; 0 (0)        ; 0           ; 0            ; 0       ; 0         ; 0    ; 0            ; |Neander|ULA:inst6|MUX21_8B:inst10|MUX21_1B:inst5                       ; work         ;
;          |MUX21_1B:inst6|                ; 4 (4)             ; 0 (0)        ; 0           ; 0            ; 0       ; 0         ; 0    ; 0            ; |Neander|ULA:inst6|MUX21_8B:inst10|MUX21_1B:inst6                       ; work         ;
;          |MUX21_1B:inst7|                ; 3 (3)             ; 0 (0)        ; 0           ; 0            ; 0       ; 0         ; 0    ; 0            ; |Neander|ULA:inst6|MUX21_8B:inst10|MUX21_1B:inst7                       ; work         ;
;          |MUX21_1B:inst8|                ; 5 (5)             ; 0 (0)        ; 0           ; 0            ; 0       ; 0         ; 0    ; 0            ; |Neander|ULA:inst6|MUX21_8B:inst10|MUX21_1B:inst8                       ; work         ;
;    |UNID_CONT:inst8|                     ; 22 (22)           ; 0 (0)        ; 0           ; 0            ; 0       ; 0         ; 0    ; 0            ; |Neander|UNID_CONT:inst8                                                ; work         ;
;    |divFreq:inst5|                       ; 24 (24)           ; 24 (24)      ; 0           ; 0            ; 0       ; 0         ; 0    ; 0            ; |Neander|divFreq:inst5                                                  ; work         ;
+------------------------------------------+-------------------+--------------+-------------+--------------+---------+-----------+------+--------------+-------------------------------------------------------------------------+--------------+
Note: For table entries with two numbers listed, the numbers in parentheses indicate the number of resources of the given type used by the specific entity alone. The numbers listed outside of parentheses indicate the total resources of the given type used by the specific entity and all of its sub-entities in the hierarchy.


+---------------------------------------------------------------------------------------------------------------------------------------------------------------------------------------+
; Analysis & Synthesis RAM Summary                                                                                                                                                      ;
+---------------------------------------------------------------------------+------+------+--------------+--------------+--------------+--------------+------+--------------------------+
; Name                                                                      ; Type ; Mode ; Port A Depth ; Port A Width ; Port B Depth ; Port B Width ; Size ; MIF                      ;
+---------------------------------------------------------------------------+------+------+--------------+--------------+--------------+--------------+------+--------------------------+
; ROM:inst22|altsyncram:Mux1_rtl_0|altsyncram_8hv:auto_generated|ALTSYNCRAM ; AUTO ; ROM  ; 256          ; 8            ; --           ; --           ; 2048 ; Neander.Neander0.rtl.mif ;
+---------------------------------------------------------------------------+------+------+--------------+--------------+--------------+--------------+------+--------------------------+


+--------------------------------------------------------------------------+
; Registers Removed During Synthesis                                       ;
+----------------------------------------+---------------------------------+
; Register name                          ; Reason for Removal              ;
+----------------------------------------+---------------------------------+
; REG_FLAGS_NZ:inst2|inst2               ; Merged with AC:inst9|inst23     ;
; RDM:inst23|inst20                      ; Lost fanout                     ;
; RDM:inst23|inst23                      ; Lost fanout                     ;
; RDM:inst23|inst14                      ; Lost fanout                     ;
; RDM:inst23|inst17                      ; Lost fanout                     ;
; RDM:inst23|inst8                       ; Lost fanout                     ;
; RDM:inst23|inst2                       ; Lost fanout                     ;
; RDM:inst23|inst5                       ; Lost fanout                     ;
; RDM:inst23|inst11                      ; Lost fanout                     ;
; RDM:inst23|inst11~0                    ; Merged with RDM:inst23|inst5~0  ;
; RDM:inst23|inst5~0                     ; Merged with RDM:inst23|inst2~0  ;
; RDM:inst23|inst2~0                     ; Merged with RDM:inst23|inst8~0  ;
; RDM:inst23|inst8~0                     ; Merged with RDM:inst23|inst17~0 ;
; RDM:inst23|inst17~0                    ; Merged with RDM:inst23|inst14~0 ;
; RDM:inst23|inst14~0                    ; Merged with RDM:inst23|inst23~0 ;
; RDM:inst23|inst23~0                    ; Merged with RDM:inst23|inst20~0 ;
; RDM:inst23|inst23~3                    ; Merged with RDM:inst23|inst20~3 ;
; RDM:inst23|inst14~3                    ; Merged with RDM:inst23|inst20~3 ;
; RDM:inst23|inst17~3                    ; Merged with RDM:inst23|inst20~3 ;
; RDM:inst23|inst8~3                     ; Merged with RDM:inst23|inst20~3 ;
; RDM:inst23|inst2~3                     ; Merged with RDM:inst23|inst20~3 ;
; RDM:inst23|inst5~3                     ; Merged with RDM:inst23|inst20~3 ;
; RDM:inst23|inst11~3                    ; Merged with RDM:inst23|inst20~3 ;
; Total Number of Removed Registers = 23 ;                                 ;
+----------------------------------------+---------------------------------+


+------------------------------------------------------+
; General Register Statistics                          ;
+----------------------------------------------+-------+
; Statistic                                    ; Value ;
+----------------------------------------------+-------+
; Total registers                              ; 67    ;
; Number of registers using Synchronous Clear  ; 0     ;
; Number of registers using Synchronous Load   ; 0     ;
; Number of registers using Asynchronous Clear ; 58    ;
; Number of registers using Asynchronous Load  ; 0     ;
; Number of registers using Clock Enable       ; 28    ;
; Number of registers using Preset             ; 0     ;
+----------------------------------------------+-------+


+----------------------------------------------------+
; Registers Packed Into Inferred Megafunctions       ;
+---------------------+-----------------------+------+
; Register Name       ; Megafunction          ; Type ;
+---------------------+-----------------------+------+
; RDM:inst23|inst20~2 ; ROM:inst22|Mux1_rtl_0 ; ROM  ;
; RDM:inst23|inst23~2 ; ROM:inst22|Mux1_rtl_0 ; ROM  ;
; RDM:inst23|inst14~2 ; ROM:inst22|Mux1_rtl_0 ; ROM  ;
; RDM:inst23|inst17~2 ; ROM:inst22|Mux1_rtl_0 ; ROM  ;
; RDM:inst23|inst8~2  ; ROM:inst22|Mux1_rtl_0 ; ROM  ;
; RDM:inst23|inst2~2  ; ROM:inst22|Mux1_rtl_0 ; ROM  ;
; RDM:inst23|inst5~2  ; ROM:inst22|Mux1_rtl_0 ; ROM  ;
; RDM:inst23|inst11~2 ; ROM:inst22|Mux1_rtl_0 ; ROM  ;
+---------------------+-----------------------+------+


+-----------------------------------------------------------------------------------------------------------------------------------------------------------------------+
; Multiplexer Restructuring Statistics (Restructuring Performed)                                                                                                        ;
+--------------------+-----------+---------------+----------------------+------------------------+------------+---------------------------------------------------------+
; Multiplexer Inputs ; Bus Width ; Baseline Area ; Area if Restructured ; Saving if Restructured ; Registered ; Example Multiplexer Output                              ;
+--------------------+-----------+---------------+----------------------+------------------------+------------+---------------------------------------------------------+
; 3:1                ; 8 bits    ; 16 LEs        ; 8 LEs                ; 8 LEs                  ; Yes        ; |Neander|REM:inst7|inst20                               ;
; 3:1                ; 7 bits    ; 14 LEs        ; 7 LEs                ; 7 LEs                  ; Yes        ; |Neander|PC:inst|inst6                                  ;
; 5:1                ; 8 bits    ; 24 LEs        ; 24 LEs               ; 0 LEs                  ; No         ; |Neander|ULA:inst6|MUX21_8B:inst10|MUX21_1B:inst8|inst3 ;
+--------------------+-----------+---------------+----------------------+------------------------+------------+---------------------------------------------------------+


+---------------------------------------------------------------------------------------+
; Source assignments for ROM:inst22|altsyncram:Mux1_rtl_0|altsyncram_8hv:auto_generated ;
+---------------------------------+--------------------+------+-------------------------+
; Assignment                      ; Value              ; From ; To                      ;
+---------------------------------+--------------------+------+-------------------------+
; OPTIMIZE_POWER_DURING_SYNTHESIS ; NORMAL_COMPILATION ; -    ; -                       ;
+---------------------------------+--------------------+------+-------------------------+


+-----------------------------------------------------------------------------------+
; Parameter Settings for Inferred Entity Instance: ROM:inst22|altsyncram:Mux1_rtl_0 ;
+------------------------------------+--------------------------+-------------------+
; Parameter Name                     ; Value                    ; Type              ;
+------------------------------------+--------------------------+-------------------+
; BYTE_SIZE_BLOCK                    ; 8                        ; Untyped           ;
; AUTO_CARRY_CHAINS                  ; ON                       ; AUTO_CARRY        ;
; IGNORE_CARRY_BUFFERS               ; OFF                      ; IGNORE_CARRY      ;
; AUTO_CASCADE_CHAINS                ; ON                       ; AUTO_CASCADE      ;
; IGNORE_CASCADE_BUFFERS             ; OFF                      ; IGNORE_CASCADE    ;
; WIDTH_BYTEENA                      ; 1                        ; Untyped           ;
; OPERATION_MODE                     ; ROM                      ; Untyped           ;
; WIDTH_A                            ; 8                        ; Untyped           ;
; WIDTHAD_A                          ; 8                        ; Untyped           ;
; NUMWORDS_A                         ; 256                      ; Untyped           ;
; OUTDATA_REG_A                      ; UNREGISTERED             ; Untyped           ;
; ADDRESS_ACLR_A                     ; NONE                     ; Untyped           ;
; OUTDATA_ACLR_A                     ; NONE                     ; Untyped           ;
; WRCONTROL_ACLR_A                   ; NONE                     ; Untyped           ;
; INDATA_ACLR_A                      ; NONE                     ; Untyped           ;
; BYTEENA_ACLR_A                     ; NONE                     ; Untyped           ;
; WIDTH_B                            ; 1                        ; Untyped           ;
; WIDTHAD_B                          ; 1                        ; Untyped           ;
; NUMWORDS_B                         ; 1                        ; Untyped           ;
; INDATA_REG_B                       ; CLOCK1                   ; Untyped           ;
; WRCONTROL_WRADDRESS_REG_B          ; CLOCK1                   ; Untyped           ;
; RDCONTROL_REG_B                    ; CLOCK1                   ; Untyped           ;
; ADDRESS_REG_B                      ; CLOCK1                   ; Untyped           ;
; OUTDATA_REG_B                      ; UNREGISTERED             ; Untyped           ;
; BYTEENA_REG_B                      ; CLOCK1                   ; Untyped           ;
; INDATA_ACLR_B                      ; NONE                     ; Untyped           ;
; WRCONTROL_ACLR_B                   ; NONE                     ; Untyped           ;
; ADDRESS_ACLR_B                     ; NONE                     ; Untyped           ;
; OUTDATA_ACLR_B                     ; NONE                     ; Untyped           ;
; RDCONTROL_ACLR_B                   ; NONE                     ; Untyped           ;
; BYTEENA_ACLR_B                     ; NONE                     ; Untyped           ;
; WIDTH_BYTEENA_A                    ; 1                        ; Untyped           ;
; WIDTH_BYTEENA_B                    ; 1                        ; Untyped           ;
; RAM_BLOCK_TYPE                     ; AUTO                     ; Untyped           ;
; BYTE_SIZE                          ; 8                        ; Untyped           ;
; READ_DURING_WRITE_MODE_MIXED_PORTS ; DONT_CARE                ; Untyped           ;
; READ_DURING_WRITE_MODE_PORT_A      ; NEW_DATA_NO_NBE_READ     ; Untyped           ;
; READ_DURING_WRITE_MODE_PORT_B      ; NEW_DATA_NO_NBE_READ     ; Untyped           ;
; INIT_FILE                          ; Neander.Neander0.rtl.mif ; Untyped           ;
; INIT_FILE_LAYOUT                   ; PORT_A                   ; Untyped           ;
; MAXIMUM_DEPTH                      ; 0                        ; Untyped           ;
; CLOCK_ENABLE_INPUT_A               ; NORMAL                   ; Untyped           ;
; CLOCK_ENABLE_INPUT_B               ; NORMAL                   ; Untyped           ;
; CLOCK_ENABLE_OUTPUT_A              ; NORMAL                   ; Untyped           ;
; CLOCK_ENABLE_OUTPUT_B              ; NORMAL                   ; Untyped           ;
; CLOCK_ENABLE_CORE_A                ; USE_INPUT_CLKEN          ; Untyped           ;
; CLOCK_ENABLE_CORE_B                ; USE_INPUT_CLKEN          ; Untyped           ;
; ENABLE_ECC                         ; FALSE                    ; Untyped           ;
; ECC_PIPELINE_STAGE_ENABLED         ; FALSE                    ; Untyped           ;
; WIDTH_ECCSTATUS                    ; 3                        ; Untyped           ;
; DEVICE_FAMILY                      ; Cyclone III              ; Untyped           ;
; CBXI_PARAMETER                     ; altsyncram_8hv           ; Untyped           ;
+------------------------------------+--------------------------+-------------------+
Note: In order to hide this table in the UI and the text report file, please set the "Show Parameter Settings in Synthesis Report" option in "Analysis and Synthesis Settings -> More Settings" to "Off".


+------------------------------------------------------------------------------+
; altsyncram Parameter Settings by Entity Instance                             ;
+-------------------------------------------+----------------------------------+
; Name                                      ; Value                            ;
+-------------------------------------------+----------------------------------+
; Number of entity instances                ; 1                                ;
; Entity Instance                           ; ROM:inst22|altsyncram:Mux1_rtl_0 ;
;     -- OPERATION_MODE                     ; ROM                              ;
;     -- WIDTH_A                            ; 8                                ;
;     -- NUMWORDS_A                         ; 256                              ;
;     -- OUTDATA_REG_A                      ; UNREGISTERED                     ;
;     -- WIDTH_B                            ; 1                                ;
;     -- NUMWORDS_B                         ; 1                                ;
;     -- ADDRESS_REG_B                      ; CLOCK1                           ;
;     -- OUTDATA_REG_B                      ; UNREGISTERED                     ;
;     -- RAM_BLOCK_TYPE                     ; AUTO                             ;
;     -- READ_DURING_WRITE_MODE_MIXED_PORTS ; DONT_CARE                        ;
+-------------------------------------------+----------------------------------+


+-------------------------------+
; Elapsed Time Per Partition    ;
+----------------+--------------+
; Partition Name ; Elapsed Time ;
+----------------+--------------+
; Top            ; 00:00:01     ;
+----------------+--------------+


+-------------------------------+
; Analysis & Synthesis Messages ;
+-------------------------------+
Info: *******************************************************************
Info: Running Quartus II 64-Bit Analysis & Synthesis
    Info: Version 13.0.1 Build 232 06/12/2013 Service Pack 1 SJ Web Edition
    Info: Processing started: Thu Jan 25 21:17:01 2024
Info: Command: quartus_map --read_settings_files=on --write_settings_files=off Neander -c Neander
Warning (20028): Parallel compilation is not licensed and has been disabled
Info (12021): Found 1 design units, including 1 entities, in source file pc.bdf
    Info (12023): Found entity 1: PC
Info (12021): Found 1 design units, including 1 entities, in source file mux31_1b.bdf
    Info (12023): Found entity 1: MUX31_1B
Info (12021): Found 1 design units, including 1 entities, in source file neander.bdf
    Info (12023): Found entity 1: Neander
Info (12021): Found 1 design units, including 1 entities, in source file adder_8b.bdf
    Info (12023): Found entity 1: Adder_8B
Info (12021): Found 1 design units, including 1 entities, in source file ac.bdf
    Info (12023): Found entity 1: AC
Info (12021): Found 1 design units, including 1 entities, in source file encoder_ula.bdf
    Info (12023): Found entity 1: Encoder_ULA
Info (12021): Found 1 design units, including 1 entities, in source file reg_flags_nz.bdf
    Info (12023): Found entity 1: REG_FLAGS_NZ
Info (12021): Found 1 design units, including 1 entities, in source file rdm.bdf
    Info (12023): Found entity 1: RDM
Info (12021): Found 1 design units, including 1 entities, in source file ri_opcode.bdf
    Info (12023): Found entity 1: RI_opcode
Info (12021): Found 2 design units, including 1 entities, in source file rom.vhd
    Info (12022): Found design unit 1: ROM-arch
    Info (12023): Found entity 1: ROM
Info (12021): Found 1 design units, including 1 entities, in source file unid_cont.bdf
    Info (12023): Found entity 1: UNID_CONT
Info (12021): Found 1 design units, including 1 entities, in source file dec_instrucao.bdf
    Info (12023): Found entity 1: DEC_INSTRUCAO
Info (12021): Found 1 design units, including 1 entities, in source file mux21_1b.bdf
    Info (12023): Found entity 1: MUX21_1B
Info (12021): Found 1 design units, including 1 entities, in source file divfreq.bdf
    Info (12023): Found entity 1: divFreq
Info (12021): Found 1 design units, including 1 entities, in source file rem.bdf
    Info (12023): Found entity 1: REM
Info (12021): Found 1 design units, including 1 entities, in source file mux21_8b.bdf
    Info (12023): Found entity 1: MUX21_8B
Info (12021): Found 1 design units, including 1 entities, in source file auxsomador.bdf
    Info (12023): Found entity 1: AuxSomador
Info (12021): Found 1 design units, including 1 entities, in source file ula.bdf
    Info (12023): Found entity 1: ULA
Info (12021): Found 1 design units, including 1 entities, in source file fa.bdf
    Info (12023): Found entity 1: FA
Info (12021): Found 1 design units, including 1 entities, in source file ha.bdf
    Info (12023): Found entity 1: HA
Info (12021): Found 1 design units, including 1 entities, in source file temporizador.bdf
    Info (12023): Found entity 1: TEMPORIZADOR
Info (12021): Found 1 design units, including 1 entities, in source file dec_3_8.bdf
    Info (12023): Found entity 1: DEC_3_8
Info (12021): Found 1 design units, including 1 entities, in source file bcd_ac.bdf
    Info (12023): Found entity 1: BCD_AC
Info (12021): Found 1 design units, including 1 entities, in source file bcd_pc.bdf
    Info (12023): Found entity 1: BCD_PC
Info (12021): Found 1 design units, including 1 entities, in source file bcd_a.bdf
    Info (12023): Found entity 1: BCD_A
Info (12021): Found 1 design units, including 1 entities, in source file bcd_b.bdf
    Info (12023): Found entity 1: BCD_B
Info (12021): Found 1 design units, including 1 entities, in source file bcd_c.bdf
    Info (12023): Found entity 1: BCD_C
Info (12021): Found 1 design units, including 1 entities, in source file bcd_d.bdf
    Info (12023): Found entity 1: BCD_D
Info (12021): Found 1 design units, including 1 entities, in source file bcd_e.bdf
    Info (12023): Found entity 1: BCD_E
Info (12021): Found 1 design units, including 1 entities, in source file bcd_f.bdf
    Info (12023): Found entity 1: BCD_F
Info (12021): Found 1 design units, including 1 entities, in source file bcd_g.bdf
    Info (12023): Found entity 1: BCD_G
Info (12127): Elaborating entity "Neander" for the top level hierarchy
Info (12128): Elaborating entity "UNID_CONT" for hierarchy "UNID_CONT:inst8"
Info (12128): Elaborating entity "DEC_INSTRUCAO" for hierarchy "DEC_INSTRUCAO:inst3"
Info (12128): Elaborating entity "RI_opcode" for hierarchy "RI_opcode:inst15"
Info (12128): Elaborating entity "MUX21_1B" for hierarchy "RI_opcode:inst15|MUX21_1B:inst7"
Info (12128): Elaborating entity "divFreq" for hierarchy "divFreq:inst5"
Info (12128): Elaborating entity "RDM" for hierarchy "RDM:inst23"
Info (12128): Elaborating entity "ROM" for hierarchy "ROM:inst22"
Info (12128): Elaborating entity "REM" for hierarchy "REM:inst7"
Info (12128): Elaborating entity "MUX21_8B" for hierarchy "MUX21_8B:inst1"
Info (12128): Elaborating entity "PC" for hierarchy "PC:inst"
Info (12128): Elaborating entity "MUX31_1B" for hierarchy "PC:inst|MUX31_1B:inst10"
Info (12128): Elaborating entity "AuxSomador" for hierarchy "PC:inst|AuxSomador:inst"
Info (12128): Elaborating entity "REG_FLAGS_NZ" for hierarchy "REG_FLAGS_NZ:inst2"
Info (12128): Elaborating entity "ULA" for hierarchy "ULA:inst6"
Info (12128): Elaborating entity "Adder_8B" for hierarchy "ULA:inst6|Adder_8B:inst1"
Info (12128): Elaborating entity "FA" for hierarchy "ULA:inst6|Adder_8B:inst1|FA:inst6"
Info (12128): Elaborating entity "HA" for hierarchy "ULA:inst6|Adder_8B:inst1|HA:inst0"
Info (12128): Elaborating entity "Encoder_ULA" for hierarchy "Encoder_ULA:inst10"
Warning (275009): Pin "ULA_ADD" not connected
Info (12128): Elaborating entity "AC" for hierarchy "AC:inst9"
Info (12128): Elaborating entity "TEMPORIZADOR" for hierarchy "TEMPORIZADOR:inst17"
Info (12128): Elaborating entity "DEC_3_8" for hierarchy "TEMPORIZADOR:inst17|DEC_3_8:inst31"
Info (12128): Elaborating entity "BCD_PC" for hierarchy "BCD_PC:inst12"
Info (12128): Elaborating entity "BCD_A" for hierarchy "BCD_PC:inst12|BCD_A:inst"
Info (12128): Elaborating entity "BCD_B" for hierarchy "BCD_PC:inst12|BCD_B:inst1"
Info (12128): Elaborating entity "BCD_C" for hierarchy "BCD_PC:inst12|BCD_C:inst2"
Info (12128): Elaborating entity "BCD_D" for hierarchy "BCD_PC:inst12|BCD_D:inst3"
Info (12128): Elaborating entity "BCD_E" for hierarchy "BCD_PC:inst12|BCD_E:inst4"
Info (12128): Elaborating entity "BCD_F" for hierarchy "BCD_PC:inst12|BCD_F:inst5"
Info (12128): Elaborating entity "BCD_G" for hierarchy "BCD_PC:inst12|BCD_G:inst6"
Info (12128): Elaborating entity "BCD_AC" for hierarchy "BCD_AC:inst4"
Warning (19016): Clock multiplexers are found and protected
    Warning (19017): Found clock multiplexer MUX21_1B:inst13|inst3~synth
Info (19000): Inferred 1 megafunctions from design logic
    Info (276031): Inferred altsyncram megafunction from the following design logic: "ROM:inst22|Mux1_rtl_0"
        Info (286033): Parameter OPERATION_MODE set to ROM
        Info (286033): Parameter WIDTH_A set to 8
        Info (286033): Parameter WIDTHAD_A set to 8
        Info (286033): Parameter NUMWORDS_A set to 256
        Info (286033): Parameter OUTDATA_REG_A set to UNREGISTERED
        Info (286033): Parameter RAM_BLOCK_TYPE set to AUTO
        Info (286033): Parameter INIT_FILE set to Neander.Neander0.rtl.mif
Info (12130): Elaborated megafunction instantiation "ROM:inst22|altsyncram:Mux1_rtl_0"
Info (12133): Instantiated megafunction "ROM:inst22|altsyncram:Mux1_rtl_0" with the following parameter:
    Info (12134): Parameter "OPERATION_MODE" = "ROM"
    Info (12134): Parameter "WIDTH_A" = "8"
    Info (12134): Parameter "WIDTHAD_A" = "8"
    Info (12134): Parameter "NUMWORDS_A" = "256"
    Info (12134): Parameter "OUTDATA_REG_A" = "UNREGISTERED"
    Info (12134): Parameter "RAM_BLOCK_TYPE" = "AUTO"
    Info (12134): Parameter "INIT_FILE" = "Neander.Neander0.rtl.mif"
Info (12021): Found 1 design units, including 1 entities, in source file db/altsyncram_8hv.tdf
    Info (12023): Found entity 1: altsyncram_8hv
Info (286030): Timing-Driven Synthesis is running
Info (17049): 8 registers lost all their fanouts during netlist optimizations.
Info (16010): Generating hard_block partition "hard_block:auto_generated_inst"
    Info (16011): Adding 0 node(s), including 0 DDIO, 0 PLL, 0 transceiver and 0 LCELL
Info (21057): Implemented 248 device resources after synthesis - the final resource count might be different
    Info (21058): Implemented 4 input pins
    Info (21059): Implemented 47 output pins
    Info (21061): Implemented 189 logic cells
    Info (21064): Implemented 8 RAM segments
Info: Quartus II 64-Bit Analysis & Synthesis was successful. 0 errors, 4 warnings
    Info: Peak virtual memory: 4628 megabytes
    Info: Processing ended: Thu Jan 25 21:17:04 2024
    Info: Elapsed time: 00:00:03
    Info: Total CPU time (on all processors): 00:00:03


