Analysis & Synthesis report for ControleSemaforo
Mon Jan 22 23:48:03 2024
Quartus II 64-Bit Version 13.0.1 Build 232 06/12/2013 Service Pack 1 SJ Web Edition


---------------------
; Table of Contents ;
---------------------
  1. Legal Notice
  2. Analysis & Synthesis Summary
  3. Analysis & Synthesis Settings
  4. Parallel Compilation
  5. Analysis & Synthesis Source Files Read
  6. Analysis & Synthesis Resource Usage Summary
  7. Analysis & Synthesis Resource Utilization by Entity
  8. General Register Statistics
  9. Elapsed Time Per Partition
 10. Analysis & Synthesis Messages



----------------
; Legal Notice ;
----------------
Copyright (C) 1991-2013 Altera Corporation
Your use of Altera Corporation's design tools, logic functions 
and other software and tools, and its AMPP partner logic 
functions, and any output files from any of the foregoing 
(including device programming or simulation files), and any 
associated documentation or information are expressly subject 
to the terms and conditions of the Altera Program License 
Subscription Agreement, Altera MegaCore Function License 
Agreement, or other applicable license agreement, including, 
without limitation, that your use is for the sole purpose of 
programming logic devices manufactured by Altera and sold by 
Altera or its authorized distributors.  Please refer to the 
applicable agreement for further details.



+--------------------------------------------------------------------------------------+
; Analysis & Synthesis Summary                                                         ;
+------------------------------------+-------------------------------------------------+
; Analysis & Synthesis Status        ; Successful - Mon Jan 22 23:48:03 2024           ;
; Quartus II 64-Bit Version          ; 13.0.1 Build 232 06/12/2013 SP 1 SJ Web Edition ;
; Revision Name                      ; ControleSemaforo                                ;
; Top-level Entity Name              ; ControleSemaforo                                ;
; Family                             ; Cyclone III                                     ;
; Total logic elements               ; 37                                              ;
;     Total combinational functions  ; 37                                              ;
;     Dedicated logic registers      ; 30                                              ;
; Total registers                    ; 30                                              ;
; Total pins                         ; 5                                               ;
; Total virtual pins                 ; 0                                               ;
; Total memory bits                  ; 0                                               ;
; Embedded Multiplier 9-bit elements ; 0                                               ;
; Total PLLs                         ; 0                                               ;
+------------------------------------+-------------------------------------------------+


+----------------------------------------------------------------------------------------------------------------------+
; Analysis & Synthesis Settings                                                                                        ;
+----------------------------------------------------------------------------+--------------------+--------------------+
; Option                                                                     ; Setting            ; Default Value      ;
+----------------------------------------------------------------------------+--------------------+--------------------+
; Device                                                                     ; EP3C16F484C6       ;                    ;
; Top-level entity name                                                      ; ControleSemaforo   ; ControleSemaforo   ;
; Family name                                                                ; Cyclone III        ; Cyclone IV GX      ;
; Use smart compilation                                                      ; Off                ; Off                ;
; Enable parallel Assembler and TimeQuest Timing Analyzer during compilation ; On                 ; On                 ;
; Enable compact report table                                                ; Off                ; Off                ;
; Restructure Multiplexers                                                   ; Auto               ; Auto               ;
; Create Debugging Nodes for IP Cores                                        ; Off                ; Off                ;
; Preserve fewer node names                                                  ; On                 ; On                 ;
; Disable OpenCore Plus hardware evaluation                                  ; Off                ; Off                ;
; Verilog Version                                                            ; Verilog_2001       ; Verilog_2001       ;
; VHDL Version                                                               ; VHDL_1993          ; VHDL_1993          ;
; State Machine Processing                                                   ; Auto               ; Auto               ;
; Safe State Machine                                                         ; Off                ; Off                ;
; Extract Verilog State Machines                                             ; On                 ; On                 ;
; Extract VHDL State Machines                                                ; On                 ; On                 ;
; Ignore Verilog initial constructs                                          ; Off                ; Off                ;
; Iteration limit for constant Verilog loops                                 ; 5000               ; 5000               ;
; Iteration limit for non-constant Verilog loops                             ; 250                ; 250                ;
; Add Pass-Through Logic to Inferred RAMs                                    ; On                 ; On                 ;
; Infer RAMs from Raw Logic                                                  ; On                 ; On                 ;
; Parallel Synthesis                                                         ; On                 ; On                 ;
; DSP Block Balancing                                                        ; Auto               ; Auto               ;
; NOT Gate Push-Back                                                         ; On                 ; On                 ;
; Power-Up Don't Care                                                        ; On                 ; On                 ;
; Remove Redundant Logic Cells                                               ; Off                ; Off                ;
; Remove Duplicate Registers                                                 ; On                 ; On                 ;
; Ignore CARRY Buffers                                                       ; Off                ; Off                ;
; Ignore CASCADE Buffers                                                     ; Off                ; Off                ;
; Ignore GLOBAL Buffers                                                      ; Off                ; Off                ;
; Ignore ROW GLOBAL Buffers                                                  ; Off                ; Off                ;
; Ignore LCELL Buffers                                                       ; Off                ; Off                ;
; Ignore SOFT Buffers                                                        ; On                 ; On                 ;
; Limit AHDL Integers to 32 Bits                                             ; Off                ; Off                ;
; Optimization Technique                                                     ; Balanced           ; Balanced           ;
; Carry Chain Length                                                         ; 70                 ; 70                 ;
; Auto Carry Chains                                                          ; On                 ; On                 ;
; Auto Open-Drain Pins                                                       ; On                 ; On                 ;
; Perform WYSIWYG Primitive Resynthesis                                      ; Off                ; Off                ;
; Auto ROM Replacement                                                       ; On                 ; On                 ;
; Auto RAM Replacement                                                       ; On                 ; On                 ;
; Auto DSP Block Replacement                                                 ; On                 ; On                 ;
; Auto Shift Register Replacement                                            ; Auto               ; Auto               ;
; Allow Shift Register Merging across Hierarchies                            ; Auto               ; Auto               ;
; Auto Clock Enable Replacement                                              ; On                 ; On                 ;
; Strict RAM Replacement                                                     ; Off                ; Off                ;
; Allow Synchronous Control Signals                                          ; On                 ; On                 ;
; Force Use of Synchronous Clear Signals                                     ; Off                ; Off                ;
; Auto RAM Block Balancing                                                   ; On                 ; On                 ;
; Auto RAM to Logic Cell Conversion                                          ; Off                ; Off                ;
; Auto Resource Sharing                                                      ; Off                ; Off                ;
; Allow Any RAM Size For Recognition                                         ; Off                ; Off                ;
; Allow Any ROM Size For Recognition                                         ; Off                ; Off                ;
; Allow Any Shift Register Size For Recognition                              ; Off                ; Off                ;
; Use LogicLock Constraints during Resource Balancing                        ; On                 ; On                 ;
; Ignore translate_off and synthesis_off directives                          ; Off                ; Off                ;
; Timing-Driven Synthesis                                                    ; On                 ; On                 ;
; Report Parameter Settings                                                  ; On                 ; On                 ;
; Report Source Assignments                                                  ; On                 ; On                 ;
; Report Connectivity Checks                                                 ; On                 ; On                 ;
; Ignore Maximum Fan-Out Assignments                                         ; Off                ; Off                ;
; Synchronization Register Chain Length                                      ; 2                  ; 2                  ;
; PowerPlay Power Optimization                                               ; Normal compilation ; Normal compilation ;
; HDL message level                                                          ; Level2             ; Level2             ;
; Suppress Register Optimization Related Messages                            ; Off                ; Off                ;
; Number of Removed Registers Reported in Synthesis Report                   ; 5000               ; 5000               ;
; Number of Swept Nodes Reported in Synthesis Report                         ; 5000               ; 5000               ;
; Number of Inverted Registers Reported in Synthesis Report                  ; 100                ; 100                ;
; Clock MUX Protection                                                       ; On                 ; On                 ;
; Auto Gated Clock Conversion                                                ; Off                ; Off                ;
; Block Design Naming                                                        ; Auto               ; Auto               ;
; SDC constraint protection                                                  ; Off                ; Off                ;
; Synthesis Effort                                                           ; Auto               ; Auto               ;
; Shift Register Replacement - Allow Asynchronous Clear Signal               ; On                 ; On                 ;
; Pre-Mapping Resynthesis Optimization                                       ; Off                ; Off                ;
; Analysis & Synthesis Message Level                                         ; Medium             ; Medium             ;
; Disable Register Merging Across Hierarchies                                ; Auto               ; Auto               ;
; Resource Aware Inference For Block RAM                                     ; On                 ; On                 ;
; Synthesis Seed                                                             ; 1                  ; 1                  ;
+----------------------------------------------------------------------------+--------------------+--------------------+


Parallel compilation was disabled, but you have multiple processors available. Enable parallel compilation to reduce compilation time.
+-------------------------------------+
; Parallel Compilation                ;
+----------------------------+--------+
; Processors                 ; Number ;
+----------------------------+--------+
; Number detected on machine ; 16     ;
; Maximum allowed            ; 1      ;
+----------------------------+--------+


+------------------------------------------------------------------------------------------------------------------------------------------------------------+
; Analysis & Synthesis Source Files Read                                                                                                                     ;
+----------------------------------+-----------------+------------------------------------------+--------------------------------------------------+---------+
; File Name with User-Entered Path ; Used in Netlist ; File Type                                ; File Name with Absolute Path                     ; Library ;
+----------------------------------+-----------------+------------------------------------------+--------------------------------------------------+---------+
; ControleSemaforo.bdf             ; yes             ; User Block Diagram/Schematic File        ; C:/Users/lucca/Desktop/LAB8/ControleSemaforo.bdf ;         ;
; NextStateLogic.bdf               ; yes             ; User Block Diagram/Schematic File        ; C:/Users/lucca/Desktop/LAB8/NextStateLogic.bdf   ;         ;
; StateRegister.bdf                ; yes             ; User Block Diagram/Schematic File        ; C:/Users/lucca/Desktop/LAB8/StateRegister.bdf    ;         ;
; outputLogic.bdf                  ; yes             ; User Block Diagram/Schematic File        ; C:/Users/lucca/Desktop/LAB8/outputLogic.bdf      ;         ;
; DecoderContador.bdf              ; yes             ; User Block Diagram/Schematic File        ; C:/Users/lucca/Desktop/LAB8/DecoderContador.bdf  ;         ;
; CounterLogic.bdf                 ; yes             ; User Block Diagram/Schematic File        ; C:/Users/lucca/Desktop/LAB8/CounterLogic.bdf     ;         ;
; Temporizador.bdf                 ; yes             ; User Block Diagram/Schematic File        ; C:/Users/lucca/Desktop/LAB8/Temporizador.bdf     ;         ;
; divfreq.bdf                      ; yes             ; Auto-Found Block Diagram/Schematic File  ; C:/Users/lucca/Desktop/LAB8/divfreq.bdf          ;         ;
; somador.bdf                      ; yes             ; Auto-Found Block Diagram/Schematic File  ; C:/Users/lucca/Desktop/LAB8/somador.bdf          ;         ;
; mux21_1bit.bdf                   ; yes             ; Auto-Found Block Diagram/Schematic File  ; C:/Users/lucca/Desktop/LAB8/mux21_1bit.bdf       ;         ;
+----------------------------------+-----------------+------------------------------------------+--------------------------------------------------+---------+


+-----------------------------------------------------------+
; Analysis & Synthesis Resource Usage Summary               ;
+---------------------------------------------+-------------+
; Resource                                    ; Usage       ;
+---------------------------------------------+-------------+
; Estimated Total logic elements              ; 37          ;
;                                             ;             ;
; Total combinational functions               ; 37          ;
; Logic element usage by number of LUT inputs ;             ;
;     -- 4 input functions                    ; 2           ;
;     -- 3 input functions                    ; 4           ;
;     -- <=2 input functions                  ; 31          ;
;                                             ;             ;
; Logic elements by mode                      ;             ;
;     -- normal mode                          ; 37          ;
;     -- arithmetic mode                      ; 0           ;
;                                             ;             ;
; Total registers                             ; 30          ;
;     -- Dedicated logic registers            ; 30          ;
;     -- I/O registers                        ; 0           ;
;                                             ;             ;
; I/O pins                                    ; 5           ;
; Embedded Multiplier 9-bit elements          ; 0           ;
; Maximum fan-out node                        ; clear~input ;
; Maximum fan-out                             ; 27          ;
; Total fan-out                               ; 154         ;
; Average fan-out                             ; 2.00        ;
+---------------------------------------------+-------------+


+-----------------------------------------------------------------------------------------------------------------------------------------------------------------------------------------------------------+
; Analysis & Synthesis Resource Utilization by Entity                                                                                                                                                       ;
+----------------------------+-------------------+--------------+-------------+--------------+---------+-----------+------+--------------+---------------------------------------------------+--------------+
; Compilation Hierarchy Node ; LC Combinationals ; LC Registers ; Memory Bits ; DSP Elements ; DSP 9x9 ; DSP 18x18 ; Pins ; Virtual Pins ; Full Hierarchy Name                               ; Library Name ;
+----------------------------+-------------------+--------------+-------------+--------------+---------+-----------+------+--------------+---------------------------------------------------+--------------+
; |ControleSemaforo          ; 37 (0)            ; 30 (0)       ; 0           ; 0            ; 0       ; 0         ; 5    ; 0            ; |ControleSemaforo                                 ; work         ;
;    |CounterLogic:inst9|    ; 4 (4)             ; 0 (0)        ; 0           ; 0            ; 0       ; 0         ; 0    ; 0            ; |ControleSemaforo|CounterLogic:inst9              ; work         ;
;    |NextStateLogic:inst13| ; 1 (1)             ; 0 (0)        ; 0           ; 0            ; 0       ; 0         ; 0    ; 0            ; |ControleSemaforo|NextStateLogic:inst13           ; work         ;
;    |StateRegister:inst17|  ; 1 (1)             ; 2 (2)        ; 0           ; 0            ; 0       ; 0         ; 0    ; 0            ; |ControleSemaforo|StateRegister:inst17            ; work         ;
;    |Temporizador:inst7|    ; 3 (0)             ; 3 (0)        ; 0           ; 0            ; 0       ; 0         ; 0    ; 0            ; |ControleSemaforo|Temporizador:inst7              ; work         ;
;       |Somador:inst|       ; 3 (3)             ; 3 (3)        ; 0           ; 0            ; 0       ; 0         ; 0    ; 0            ; |ControleSemaforo|Temporizador:inst7|Somador:inst ; work         ;
;    |divFreq:inst|          ; 25 (25)           ; 25 (25)      ; 0           ; 0            ; 0       ; 0         ; 0    ; 0            ; |ControleSemaforo|divFreq:inst                    ; work         ;
;    |outputLogic:inst15|    ; 3 (3)             ; 0 (0)        ; 0           ; 0            ; 0       ; 0         ; 0    ; 0            ; |ControleSemaforo|outputLogic:inst15              ; work         ;
+----------------------------+-------------------+--------------+-------------+--------------+---------+-----------+------+--------------+---------------------------------------------------+--------------+
Note: For table entries with two numbers listed, the numbers in parentheses indicate the number of resources of the given type used by the specific entity alone. The numbers listed outside of parentheses indicate the total resources of the given type used by the specific entity and all of its sub-entities in the hierarchy.


+------------------------------------------------------+
; General Register Statistics                          ;
+----------------------------------------------+-------+
; Statistic                                    ; Value ;
+----------------------------------------------+-------+
; Total registers                              ; 30    ;
; Number of registers using Synchronous Clear  ; 0     ;
; Number of registers using Synchronous Load   ; 0     ;
; Number of registers using Asynchronous Clear ; 30    ;
; Number of registers using Asynchronous Load  ; 0     ;
; Number of registers using Clock Enable       ; 0     ;
; Number of registers using Preset             ; 0     ;
+----------------------------------------------+-------+


+-------------------------------+
; Elapsed Time Per Partition    ;
+----------------+--------------+
; Partition Name ; Elapsed Time ;
+----------------+--------------+
; Top            ; 00:00:00     ;
+----------------+--------------+


+-------------------------------+
; Analysis & Synthesis Messages ;
+-------------------------------+
Info: *******************************************************************
Info: Running Quartus II 64-Bit Analysis & Synthesis
    Info: Version 13.0.1 Build 232 06/12/2013 Service Pack 1 SJ Web Edition
    Info: Processing started: Mon Jan 22 23:48:02 2024
Info: Command: quartus_map --read_settings_files=on --write_settings_files=off ControleSemaforo -c ControleSemaforo
Warning (20028): Parallel compilation is not licensed and has been disabled
Info (12021): Found 1 design units, including 1 entities, in source file controlesemaforo.bdf
    Info (12023): Found entity 1: ControleSemaforo
Info (12021): Found 1 design units, including 1 entities, in source file nextstatelogic.bdf
    Info (12023): Found entity 1: NextStateLogic
Info (12021): Found 1 design units, including 1 entities, in source file stateregister.bdf
    Info (12023): Found entity 1: StateRegister
Info (12021): Found 1 design units, including 1 entities, in source file outputlogic.bdf
    Info (12023): Found entity 1: outputLogic
Info (12021): Found 1 design units, including 1 entities, in source file decodercontador.bdf
    Info (12023): Found entity 1: DecoderContador
Info (12021): Found 1 design units, including 1 entities, in source file counterlogic.bdf
    Info (12023): Found entity 1: CounterLogic
Info (12021): Found 1 design units, including 1 entities, in source file temporizador.bdf
    Info (12023): Found entity 1: Temporizador
Info (12127): Elaborating entity "ControleSemaforo" for the top level hierarchy
Info (12128): Elaborating entity "outputLogic" for hierarchy "outputLogic:inst15"
Info (12128): Elaborating entity "StateRegister" for hierarchy "StateRegister:inst17"
Warning (12125): Using design file divfreq.bdf, which is not specified as a design file for the current project, but contains definitions for 1 design units and 1 entities in project
    Info (12023): Found entity 1: divFreq
Info (12128): Elaborating entity "divFreq" for hierarchy "divFreq:inst"
Info (12128): Elaborating entity "NextStateLogic" for hierarchy "NextStateLogic:inst13"
Info (12128): Elaborating entity "CounterLogic" for hierarchy "CounterLogic:inst9"
Info (12128): Elaborating entity "Temporizador" for hierarchy "Temporizador:inst7"
Info (12128): Elaborating entity "DecoderContador" for hierarchy "Temporizador:inst7|DecoderContador:inst1"
Warning (12125): Using design file somador.bdf, which is not specified as a design file for the current project, but contains definitions for 1 design units and 1 entities in project
    Info (12023): Found entity 1: Somador
Info (12128): Elaborating entity "Somador" for hierarchy "Temporizador:inst7|Somador:inst"
Warning (12125): Using design file mux21_1bit.bdf, which is not specified as a design file for the current project, but contains definitions for 1 design units and 1 entities in project
    Info (12023): Found entity 1: MUX21_1BIT
Info (12128): Elaborating entity "MUX21_1BIT" for hierarchy "Temporizador:inst7|Somador:inst|MUX21_1BIT:inst4"
Info (286030): Timing-Driven Synthesis is running
Info (16010): Generating hard_block partition "hard_block:auto_generated_inst"
    Info (16011): Adding 0 node(s), including 0 DDIO, 0 PLL, 0 transceiver and 0 LCELL
Info (21057): Implemented 42 device resources after synthesis - the final resource count might be different
    Info (21058): Implemented 2 input pins
    Info (21059): Implemented 3 output pins
    Info (21061): Implemented 37 logic cells
Info: Quartus II 64-Bit Analysis & Synthesis was successful. 0 errors, 4 warnings
    Info: Peak virtual memory: 4588 megabytes
    Info: Processing ended: Mon Jan 22 23:48:03 2024
    Info: Elapsed time: 00:00:01
    Info: Total CPU time (on all processors): 00:00:01


