Analysis & Synthesis report for CONTADOR_UP_DOWN
Thu Dec 21 12:14:57 2023
Quartus II 64-Bit Version 13.1.0 Build 162 10/23/2013 SJ Web Edition


---------------------
; Table of Contents ;
---------------------
  1. Legal Notice
  2. Analysis & Synthesis Summary
  3. Analysis & Synthesis Settings
  4. Parallel Compilation
  5. Analysis & Synthesis Source Files Read
  6. Analysis & Synthesis Resource Usage Summary
  7. Analysis & Synthesis Resource Utilization by Entity
  8. Registers Removed During Synthesis
  9. General Register Statistics
 10. Multiplexer Restructuring Statistics (Restructuring Performed)
 11. Elapsed Time Per Partition
 12. Analysis & Synthesis Messages



----------------
; Legal Notice ;
----------------
Copyright (C) 1991-2013 Altera Corporation
Your use of Altera Corporation's design tools, logic functions 
and other software and tools, and its AMPP partner logic 
functions, and any output files from any of the foregoing 
(including device programming or simulation files), and any 
associated documentation or information are expressly subject 
to the terms and conditions of the Altera Program License 
Subscription Agreement, Altera MegaCore Function License 
Agreement, or other applicable license agreement, including, 
without limitation, that your use is for the sole purpose of 
programming logic devices manufactured by Altera and sold by 
Altera or its authorized distributors.  Please refer to the 
applicable agreement for further details.



+---------------------------------------------------------------------------------+
; Analysis & Synthesis Summary                                                    ;
+------------------------------------+--------------------------------------------+
; Analysis & Synthesis Status        ; Successful - Thu Dec 21 12:14:57 2023      ;
; Quartus II 64-Bit Version          ; 13.1.0 Build 162 10/23/2013 SJ Web Edition ;
; Revision Name                      ; CONTADOR_UP_DOWN                           ;
; Top-level Entity Name              ; CONTADOR_UP_DOWN                           ;
; Family                             ; Cyclone III                                ;
; Total logic elements               ; 66                                         ;
;     Total combinational functions  ; 66                                         ;
;     Dedicated logic registers      ; 47                                         ;
; Total registers                    ; 47                                         ;
; Total pins                         ; 27                                         ;
; Total virtual pins                 ; 0                                          ;
; Total memory bits                  ; 0                                          ;
; Embedded Multiplier 9-bit elements ; 0                                          ;
; Total PLLs                         ; 0                                          ;
+------------------------------------+--------------------------------------------+


+----------------------------------------------------------------------------------------------------------------------+
; Analysis & Synthesis Settings                                                                                        ;
+----------------------------------------------------------------------------+--------------------+--------------------+
; Option                                                                     ; Setting            ; Default Value      ;
+----------------------------------------------------------------------------+--------------------+--------------------+
; Device                                                                     ; EP3C16F484C6       ;                    ;
; Top-level entity name                                                      ; CONTADOR_UP_DOWN   ; CONTADOR_UP_DOWN   ;
; Family name                                                                ; Cyclone III        ; Cyclone IV GX      ;
; Use smart compilation                                                      ; Off                ; Off                ;
; Enable parallel Assembler and TimeQuest Timing Analyzer during compilation ; On                 ; On                 ;
; Enable compact report table                                                ; Off                ; Off                ;
; Restructure Multiplexers                                                   ; Auto               ; Auto               ;
; Create Debugging Nodes for IP Cores                                        ; Off                ; Off                ;
; Preserve fewer node names                                                  ; On                 ; On                 ;
; Disable OpenCore Plus hardware evaluation                                  ; Off                ; Off                ;
; Verilog Version                                                            ; Verilog_2001       ; Verilog_2001       ;
; VHDL Version                                                               ; VHDL_1993          ; VHDL_1993          ;
; State Machine Processing                                                   ; Auto               ; Auto               ;
; Safe State Machine                                                         ; Off                ; Off                ;
; Extract Verilog State Machines                                             ; On                 ; On                 ;
; Extract VHDL State Machines                                                ; On                 ; On                 ;
; Ignore Verilog initial constructs                                          ; Off                ; Off                ;
; Iteration limit for constant Verilog loops                                 ; 5000               ; 5000               ;
; Iteration limit for non-constant Verilog loops                             ; 250                ; 250                ;
; Add Pass-Through Logic to Inferred RAMs                                    ; On                 ; On                 ;
; Infer RAMs from Raw Logic                                                  ; On                 ; On                 ;
; Parallel Synthesis                                                         ; On                 ; On                 ;
; DSP Block Balancing                                                        ; Auto               ; Auto               ;
; NOT Gate Push-Back                                                         ; On                 ; On                 ;
; Power-Up Don't Care                                                        ; On                 ; On                 ;
; Remove Redundant Logic Cells                                               ; Off                ; Off                ;
; Remove Duplicate Registers                                                 ; On                 ; On                 ;
; Ignore CARRY Buffers                                                       ; Off                ; Off                ;
; Ignore CASCADE Buffers                                                     ; Off                ; Off                ;
; Ignore GLOBAL Buffers                                                      ; Off                ; Off                ;
; Ignore ROW GLOBAL Buffers                                                  ; Off                ; Off                ;
; Ignore LCELL Buffers                                                       ; Off                ; Off                ;
; Ignore SOFT Buffers                                                        ; On                 ; On                 ;
; Limit AHDL Integers to 32 Bits                                             ; Off                ; Off                ;
; Optimization Technique                                                     ; Balanced           ; Balanced           ;
; Carry Chain Length                                                         ; 70                 ; 70                 ;
; Auto Carry Chains                                                          ; On                 ; On                 ;
; Auto Open-Drain Pins                                                       ; On                 ; On                 ;
; Perform WYSIWYG Primitive Resynthesis                                      ; Off                ; Off                ;
; Auto ROM Replacement                                                       ; On                 ; On                 ;
; Auto RAM Replacement                                                       ; On                 ; On                 ;
; Auto DSP Block Replacement                                                 ; On                 ; On                 ;
; Auto Shift Register Replacement                                            ; Auto               ; Auto               ;
; Allow Shift Register Merging across Hierarchies                            ; Auto               ; Auto               ;
; Auto Clock Enable Replacement                                              ; On                 ; On                 ;
; Strict RAM Replacement                                                     ; Off                ; Off                ;
; Allow Synchronous Control Signals                                          ; On                 ; On                 ;
; Force Use of Synchronous Clear Signals                                     ; Off                ; Off                ;
; Auto RAM Block Balancing                                                   ; On                 ; On                 ;
; Auto RAM to Logic Cell Conversion                                          ; Off                ; Off                ;
; Auto Resource Sharing                                                      ; Off                ; Off                ;
; Allow Any RAM Size For Recognition                                         ; Off                ; Off                ;
; Allow Any ROM Size For Recognition                                         ; Off                ; Off                ;
; Allow Any Shift Register Size For Recognition                              ; Off                ; Off                ;
; Use LogicLock Constraints during Resource Balancing                        ; On                 ; On                 ;
; Ignore translate_off and synthesis_off directives                          ; Off                ; Off                ;
; Timing-Driven Synthesis                                                    ; On                 ; On                 ;
; Report Parameter Settings                                                  ; On                 ; On                 ;
; Report Source Assignments                                                  ; On                 ; On                 ;
; Report Connectivity Checks                                                 ; On                 ; On                 ;
; Ignore Maximum Fan-Out Assignments                                         ; Off                ; Off                ;
; Synchronization Register Chain Length                                      ; 2                  ; 2                  ;
; PowerPlay Power Optimization                                               ; Normal compilation ; Normal compilation ;
; HDL message level                                                          ; Level2             ; Level2             ;
; Suppress Register Optimization Related Messages                            ; Off                ; Off                ;
; Number of Removed Registers Reported in Synthesis Report                   ; 5000               ; 5000               ;
; Number of Swept Nodes Reported in Synthesis Report                         ; 5000               ; 5000               ;
; Number of Inverted Registers Reported in Synthesis Report                  ; 100                ; 100                ;
; Clock MUX Protection                                                       ; On                 ; On                 ;
; Auto Gated Clock Conversion                                                ; Off                ; Off                ;
; Block Design Naming                                                        ; Auto               ; Auto               ;
; SDC constraint protection                                                  ; Off                ; Off                ;
; Synthesis Effort                                                           ; Auto               ; Auto               ;
; Shift Register Replacement - Allow Asynchronous Clear Signal               ; On                 ; On                 ;
; Pre-Mapping Resynthesis Optimization                                       ; Off                ; Off                ;
; Analysis & Synthesis Message Level                                         ; Medium             ; Medium             ;
; Disable Register Merging Across Hierarchies                                ; Auto               ; Auto               ;
; Resource Aware Inference For Block RAM                                     ; On                 ; On                 ;
; Synthesis Seed                                                             ; 1                  ; 1                  ;
+----------------------------------------------------------------------------+--------------------+--------------------+


Parallel compilation was disabled, but you have multiple processors available. Enable parallel compilation to reduce compilation time.
+-------------------------------------+
; Parallel Compilation                ;
+----------------------------+--------+
; Processors                 ; Number ;
+----------------------------+--------+
; Number detected on machine ; 2      ;
; Maximum allowed            ; 1      ;
+----------------------------+--------+


+------------------------------------------------------------------------------------------------------------------------------------------------------------------------------+
; Analysis & Synthesis Source Files Read                                                                                                                                       ;
+----------------------------------+-----------------+------------------------------------------+--------------------------------------------------------------------+---------+
; File Name with User-Entered Path ; Used in Netlist ; File Type                                ; File Name with Absolute Path                                       ; Library ;
+----------------------------------+-----------------+------------------------------------------+--------------------------------------------------------------------+---------+
; CONTADOR_UP_DOWN.bdf             ; yes             ; User Block Diagram/Schematic File        ; C:/Users/aluno/Desktop/LAB6/CONTATDOR_UP_DOWN/CONTADOR_UP_DOWN.bdf ;         ;
; Reg.bdf                          ; yes             ; User Block Diagram/Schematic File        ; C:/Users/aluno/Desktop/LAB6/CONTATDOR_UP_DOWN/Reg.bdf              ;         ;
; display.bdf                      ; yes             ; Auto-Found Block Diagram/Schematic File  ; C:/Users/aluno/Desktop/LAB6/CONTATDOR_UP_DOWN/display.bdf          ;         ;
; bcd_a.bdf                        ; yes             ; Auto-Found Block Diagram/Schematic File  ; C:/Users/aluno/Desktop/LAB6/CONTATDOR_UP_DOWN/bcd_a.bdf            ;         ;
; segmentob.bdf                    ; yes             ; Auto-Found Block Diagram/Schematic File  ; C:/Users/aluno/Desktop/LAB6/CONTATDOR_UP_DOWN/segmentob.bdf        ;         ;
; bcd_c.bdf                        ; yes             ; Auto-Found Block Diagram/Schematic File  ; C:/Users/aluno/Desktop/LAB6/CONTATDOR_UP_DOWN/bcd_c.bdf            ;         ;
; bcd_d.bdf                        ; yes             ; Auto-Found Block Diagram/Schematic File  ; C:/Users/aluno/Desktop/LAB6/CONTATDOR_UP_DOWN/bcd_d.bdf            ;         ;
; segmentoe.bdf                    ; yes             ; Auto-Found Block Diagram/Schematic File  ; C:/Users/aluno/Desktop/LAB6/CONTATDOR_UP_DOWN/segmentoe.bdf        ;         ;
; f.bdf                            ; yes             ; Auto-Found Block Diagram/Schematic File  ; C:/Users/aluno/Desktop/LAB6/CONTATDOR_UP_DOWN/f.bdf                ;         ;
; decodg.bdf                       ; yes             ; Auto-Found Block Diagram/Schematic File  ; C:/Users/aluno/Desktop/LAB6/CONTATDOR_UP_DOWN/decodg.bdf           ;         ;
; mux41.bdf                        ; yes             ; Auto-Found Block Diagram/Schematic File  ; C:/Users/aluno/Desktop/LAB6/CONTATDOR_UP_DOWN/mux41.bdf            ;         ;
; mux21.bdf                        ; yes             ; Auto-Found Block Diagram/Schematic File  ; C:/Users/aluno/Desktop/LAB6/CONTATDOR_UP_DOWN/mux21.bdf            ;         ;
; somador.bdf                      ; yes             ; Auto-Found Block Diagram/Schematic File  ; C:/Users/aluno/Desktop/LAB6/CONTATDOR_UP_DOWN/somador.bdf          ;         ;
; mux21_1bit.bdf                   ; yes             ; Auto-Found Block Diagram/Schematic File  ; C:/Users/aluno/Desktop/LAB6/CONTATDOR_UP_DOWN/mux21_1bit.bdf       ;         ;
; auxsomador.bdf                   ; yes             ; Auto-Found Block Diagram/Schematic File  ; C:/Users/aluno/Desktop/LAB6/CONTATDOR_UP_DOWN/auxsomador.bdf       ;         ;
; subtrator.bdf                    ; yes             ; Auto-Found Block Diagram/Schematic File  ; C:/Users/aluno/Desktop/LAB6/CONTATDOR_UP_DOWN/subtrator.bdf        ;         ;
; auxsubtrator.bdf                 ; yes             ; Auto-Found Block Diagram/Schematic File  ; C:/Users/aluno/Desktop/LAB6/CONTATDOR_UP_DOWN/auxsubtrator.bdf     ;         ;
; divfreq.bdf                      ; yes             ; Auto-Found Block Diagram/Schematic File  ; C:/Users/aluno/Desktop/LAB6/CONTATDOR_UP_DOWN/divfreq.bdf          ;         ;
+----------------------------------+-----------------+------------------------------------------+--------------------------------------------------------------------+---------+


+--------------------------------------------------------------------+
; Analysis & Synthesis Resource Usage Summary                        ;
+---------------------------------------------+----------------------+
; Resource                                    ; Usage                ;
+---------------------------------------------+----------------------+
; Estimated Total logic elements              ; 66                   ;
;                                             ;                      ;
; Total combinational functions               ; 66                   ;
; Logic element usage by number of LUT inputs ;                      ;
;     -- 4 input functions                    ; 22                   ;
;     -- 3 input functions                    ; 13                   ;
;     -- <=2 input functions                  ; 31                   ;
;                                             ;                      ;
; Logic elements by mode                      ;                      ;
;     -- normal mode                          ; 66                   ;
;     -- arithmetic mode                      ; 0                    ;
;                                             ;                      ;
; Total registers                             ; 47                   ;
;     -- Dedicated logic registers            ; 47                   ;
;     -- I/O registers                        ; 0                    ;
;                                             ;                      ;
; I/O pins                                    ; 27                   ;
; Embedded Multiplier 9-bit elements          ; 0                    ;
; Maximum fan-out node                        ; divFreq:inst3|inst77 ;
; Maximum fan-out                             ; 24                   ;
; Total fan-out                               ; 377                  ;
; Average fan-out                             ; 2.26                 ;
+---------------------------------------------+----------------------+


+----------------------------------------------------------------------------------------------------------------------------------------------------------------------------------------------------------------------------+
; Analysis & Synthesis Resource Utilization by Entity                                                                                                                                                                        ;
+--------------------------------+-------------------+--------------+-------------+--------------+---------+-----------+------+--------------+----------------------------------------------------------------+--------------+
; Compilation Hierarchy Node     ; LC Combinationals ; LC Registers ; Memory Bits ; DSP Elements ; DSP 9x9 ; DSP 18x18 ; Pins ; Virtual Pins ; Full Hierarchy Name                                            ; Library Name ;
+--------------------------------+-------------------+--------------+-------------+--------------+---------+-----------+------+--------------+----------------------------------------------------------------+--------------+
; |CONTADOR_UP_DOWN              ; 66 (0)            ; 47 (0)       ; 0           ; 0            ; 0       ; 0         ; 27   ; 0            ; |CONTADOR_UP_DOWN                                              ; work         ;
;    |Reg:inst|                  ; 28 (1)            ; 23 (8)       ; 0           ; 0            ; 0       ; 0         ; 0    ; 0            ; |CONTADOR_UP_DOWN|Reg:inst                                     ; work         ;
;       |MUX41:inst22|           ; 8 (0)             ; 0 (0)        ; 0           ; 0            ; 0       ; 0         ; 0    ; 0            ; |CONTADOR_UP_DOWN|Reg:inst|MUX41:inst22                        ; work         ;
;          |MUX21:inst4|         ; 7 (7)             ; 0 (0)        ; 0           ; 0            ; 0       ; 0         ; 0    ; 0            ; |CONTADOR_UP_DOWN|Reg:inst|MUX41:inst22|MUX21:inst4            ; work         ;
;          |MUX21:inst|          ; 1 (1)             ; 0 (0)        ; 0           ; 0            ; 0       ; 0         ; 0    ; 0            ; |CONTADOR_UP_DOWN|Reg:inst|MUX41:inst22|MUX21:inst             ; work         ;
;       |Somador:inst|           ; 10 (2)            ; 8 (2)        ; 0           ; 0            ; 0       ; 0         ; 0    ; 0            ; |CONTADOR_UP_DOWN|Reg:inst|Somador:inst                        ; work         ;
;          |AuxSomador:inst13|   ; 1 (1)             ; 1 (1)        ; 0           ; 0            ; 0       ; 0         ; 0    ; 0            ; |CONTADOR_UP_DOWN|Reg:inst|Somador:inst|AuxSomador:inst13      ; work         ;
;          |AuxSomador:inst14|   ; 2 (2)             ; 1 (1)        ; 0           ; 0            ; 0       ; 0         ; 0    ; 0            ; |CONTADOR_UP_DOWN|Reg:inst|Somador:inst|AuxSomador:inst14      ; work         ;
;          |AuxSomador:inst15|   ; 1 (1)             ; 1 (1)        ; 0           ; 0            ; 0       ; 0         ; 0    ; 0            ; |CONTADOR_UP_DOWN|Reg:inst|Somador:inst|AuxSomador:inst15      ; work         ;
;          |AuxSomador:inst16|   ; 1 (1)             ; 1 (1)        ; 0           ; 0            ; 0       ; 0         ; 0    ; 0            ; |CONTADOR_UP_DOWN|Reg:inst|Somador:inst|AuxSomador:inst16      ; work         ;
;          |AuxSomador:inst17|   ; 2 (2)             ; 1 (1)        ; 0           ; 0            ; 0       ; 0         ; 0    ; 0            ; |CONTADOR_UP_DOWN|Reg:inst|Somador:inst|AuxSomador:inst17      ; work         ;
;          |AuxSomador:inst18|   ; 1 (1)             ; 1 (1)        ; 0           ; 0            ; 0       ; 0         ; 0    ; 0            ; |CONTADOR_UP_DOWN|Reg:inst|Somador:inst|AuxSomador:inst18      ; work         ;
;       |Subtrator:inst4|        ; 9 (1)             ; 7 (1)        ; 0           ; 0            ; 0       ; 0         ; 0    ; 0            ; |CONTADOR_UP_DOWN|Reg:inst|Subtrator:inst4                     ; work         ;
;          |AuxSubtrator:inst10| ; 2 (2)             ; 1 (1)        ; 0           ; 0            ; 0       ; 0         ; 0    ; 0            ; |CONTADOR_UP_DOWN|Reg:inst|Subtrator:inst4|AuxSubtrator:inst10 ; work         ;
;          |AuxSubtrator:inst4|  ; 1 (1)             ; 1 (1)        ; 0           ; 0            ; 0       ; 0         ; 0    ; 0            ; |CONTADOR_UP_DOWN|Reg:inst|Subtrator:inst4|AuxSubtrator:inst4  ; work         ;
;          |AuxSubtrator:inst6|  ; 1 (1)             ; 1 (1)        ; 0           ; 0            ; 0       ; 0         ; 0    ; 0            ; |CONTADOR_UP_DOWN|Reg:inst|Subtrator:inst4|AuxSubtrator:inst6  ; work         ;
;          |AuxSubtrator:inst7|  ; 2 (2)             ; 1 (1)        ; 0           ; 0            ; 0       ; 0         ; 0    ; 0            ; |CONTADOR_UP_DOWN|Reg:inst|Subtrator:inst4|AuxSubtrator:inst7  ; work         ;
;          |AuxSubtrator:inst8|  ; 1 (1)             ; 1 (1)        ; 0           ; 0            ; 0       ; 0         ; 0    ; 0            ; |CONTADOR_UP_DOWN|Reg:inst|Subtrator:inst4|AuxSubtrator:inst8  ; work         ;
;          |AuxSubtrator:inst9|  ; 1 (1)             ; 1 (1)        ; 0           ; 0            ; 0       ; 0         ; 0    ; 0            ; |CONTADOR_UP_DOWN|Reg:inst|Subtrator:inst4|AuxSubtrator:inst9  ; work         ;
;    |display:inst1|             ; 7 (0)             ; 0 (0)        ; 0           ; 0            ; 0       ; 0         ; 0    ; 0            ; |CONTADOR_UP_DOWN|display:inst1                                ; work         ;
;       |BCD_A:inst|             ; 1 (1)             ; 0 (0)        ; 0           ; 0            ; 0       ; 0         ; 0    ; 0            ; |CONTADOR_UP_DOWN|display:inst1|BCD_A:inst                     ; work         ;
;       |BCD_C:inst3|            ; 1 (1)             ; 0 (0)        ; 0           ; 0            ; 0       ; 0         ; 0    ; 0            ; |CONTADOR_UP_DOWN|display:inst1|BCD_C:inst3                    ; work         ;
;       |BCD_D:inst8|            ; 1 (1)             ; 0 (0)        ; 0           ; 0            ; 0       ; 0         ; 0    ; 0            ; |CONTADOR_UP_DOWN|display:inst1|BCD_D:inst8                    ; work         ;
;       |F:inst6|                ; 1 (1)             ; 0 (0)        ; 0           ; 0            ; 0       ; 0         ; 0    ; 0            ; |CONTADOR_UP_DOWN|display:inst1|F:inst6                        ; work         ;
;       |SegmentoB:inst2|        ; 1 (1)             ; 0 (0)        ; 0           ; 0            ; 0       ; 0         ; 0    ; 0            ; |CONTADOR_UP_DOWN|display:inst1|SegmentoB:inst2                ; work         ;
;       |SegmentoE:inst5|        ; 1 (1)             ; 0 (0)        ; 0           ; 0            ; 0       ; 0         ; 0    ; 0            ; |CONTADOR_UP_DOWN|display:inst1|SegmentoE:inst5                ; work         ;
;       |decodG:inst7|           ; 1 (1)             ; 0 (0)        ; 0           ; 0            ; 0       ; 0         ; 0    ; 0            ; |CONTADOR_UP_DOWN|display:inst1|decodG:inst7                   ; work         ;
;    |display:inst7|             ; 7 (0)             ; 0 (0)        ; 0           ; 0            ; 0       ; 0         ; 0    ; 0            ; |CONTADOR_UP_DOWN|display:inst7                                ; work         ;
;       |BCD_A:inst|             ; 1 (1)             ; 0 (0)        ; 0           ; 0            ; 0       ; 0         ; 0    ; 0            ; |CONTADOR_UP_DOWN|display:inst7|BCD_A:inst                     ; work         ;
;       |BCD_C:inst3|            ; 1 (1)             ; 0 (0)        ; 0           ; 0            ; 0       ; 0         ; 0    ; 0            ; |CONTADOR_UP_DOWN|display:inst7|BCD_C:inst3                    ; work         ;
;       |BCD_D:inst8|            ; 1 (1)             ; 0 (0)        ; 0           ; 0            ; 0       ; 0         ; 0    ; 0            ; |CONTADOR_UP_DOWN|display:inst7|BCD_D:inst8                    ; work         ;
;       |F:inst6|                ; 1 (1)             ; 0 (0)        ; 0           ; 0            ; 0       ; 0         ; 0    ; 0            ; |CONTADOR_UP_DOWN|display:inst7|F:inst6                        ; work         ;
;       |SegmentoB:inst2|        ; 1 (1)             ; 0 (0)        ; 0           ; 0            ; 0       ; 0         ; 0    ; 0            ; |CONTADOR_UP_DOWN|display:inst7|SegmentoB:inst2                ; work         ;
;       |SegmentoE:inst5|        ; 1 (1)             ; 0 (0)        ; 0           ; 0            ; 0       ; 0         ; 0    ; 0            ; |CONTADOR_UP_DOWN|display:inst7|SegmentoE:inst5                ; work         ;
;       |decodG:inst7|           ; 1 (1)             ; 0 (0)        ; 0           ; 0            ; 0       ; 0         ; 0    ; 0            ; |CONTADOR_UP_DOWN|display:inst7|decodG:inst7                   ; work         ;
;    |divFreq:inst3|             ; 24 (24)           ; 24 (24)      ; 0           ; 0            ; 0       ; 0         ; 0    ; 0            ; |CONTADOR_UP_DOWN|divFreq:inst3                                ; work         ;
+--------------------------------+-------------------+--------------+-------------+--------------+---------+-----------+------+--------------+----------------------------------------------------------------+--------------+
Note: For table entries with two numbers listed, the numbers in parentheses indicate the number of resources of the given type used by the specific entity alone. The numbers listed outside of parentheses indicate the total resources of the given type used by the specific entity and all of its sub-entities in the hierarchy.


+---------------------------------------------------------------------------------+
; Registers Removed During Synthesis                                              ;
+---------------------------------------+-----------------------------------------+
; Register name                         ; Reason for Removal                      ;
+---------------------------------------+-----------------------------------------+
; Reg:inst|Subtrator:inst4|inst20       ; Merged with Reg:inst|Somador:inst|inst3 ;
; Total Number of Removed Registers = 1 ;                                         ;
+---------------------------------------+-----------------------------------------+


+------------------------------------------------------+
; General Register Statistics                          ;
+----------------------------------------------+-------+
; Statistic                                    ; Value ;
+----------------------------------------------+-------+
; Total registers                              ; 47    ;
; Number of registers using Synchronous Clear  ; 0     ;
; Number of registers using Synchronous Load   ; 8     ;
; Number of registers using Asynchronous Clear ; 47    ;
; Number of registers using Asynchronous Load  ; 0     ;
; Number of registers using Clock Enable       ; 15    ;
; Number of registers using Preset             ; 0     ;
+----------------------------------------------+-------+


+------------------------------------------------------------------------------------------------------------------------------------------------+
; Multiplexer Restructuring Statistics (Restructuring Performed)                                                                                 ;
+--------------------+-----------+---------------+----------------------+------------------------+------------+----------------------------------+
; Multiplexer Inputs ; Bus Width ; Baseline Area ; Area if Restructured ; Saving if Restructured ; Registered ; Example Multiplexer Output       ;
+--------------------+-----------+---------------+----------------------+------------------------+------------+----------------------------------+
; 4:1                ; 7 bits    ; 14 LEs        ; 14 LEs               ; 0 LEs                  ; Yes        ; |CONTADOR_UP_DOWN|Reg:inst|inst7 ;
+--------------------+-----------+---------------+----------------------+------------------------+------------+----------------------------------+


+-------------------------------+
; Elapsed Time Per Partition    ;
+----------------+--------------+
; Partition Name ; Elapsed Time ;
+----------------+--------------+
; Top            ; 00:00:01     ;
+----------------+--------------+


+-------------------------------+
; Analysis & Synthesis Messages ;
+-------------------------------+
Info: *******************************************************************
Info: Running Quartus II 64-Bit Analysis & Synthesis
    Info: Version 13.1.0 Build 162 10/23/2013 SJ Web Edition
    Info: Processing started: Thu Dec 21 12:14:53 2023
Info: Command: quartus_map --read_settings_files=on --write_settings_files=off CONTADOR_UP_DOWN -c CONTADOR_UP_DOWN
Warning (20028): Parallel compilation is not licensed and has been disabled
Info (12021): Found 1 design units, including 1 entities, in source file contador_up_down.bdf
    Info (12023): Found entity 1: CONTADOR_UP_DOWN
Info (12021): Found 1 design units, including 1 entities, in source file reg.bdf
    Info (12023): Found entity 1: Reg
Info (12127): Elaborating entity "CONTADOR_UP_DOWN" for the top level hierarchy
Warning (12125): Using design file display.bdf, which is not specified as a design file for the current project, but contains definitions for 1 design units and 1 entities in project
    Info (12023): Found entity 1: display
Info (12128): Elaborating entity "display" for hierarchy "display:inst1"
Warning (12125): Using design file bcd_a.bdf, which is not specified as a design file for the current project, but contains definitions for 1 design units and 1 entities in project
    Info (12023): Found entity 1: BCD_A
Info (12128): Elaborating entity "BCD_A" for hierarchy "display:inst1|BCD_A:inst"
Warning (12125): Using design file segmentob.bdf, which is not specified as a design file for the current project, but contains definitions for 1 design units and 1 entities in project
    Info (12023): Found entity 1: SegmentoB
Info (12128): Elaborating entity "SegmentoB" for hierarchy "display:inst1|SegmentoB:inst2"
Warning (12125): Using design file bcd_c.bdf, which is not specified as a design file for the current project, but contains definitions for 1 design units and 1 entities in project
    Info (12023): Found entity 1: BCD_C
Info (12128): Elaborating entity "BCD_C" for hierarchy "display:inst1|BCD_C:inst3"
Warning (12125): Using design file bcd_d.bdf, which is not specified as a design file for the current project, but contains definitions for 1 design units and 1 entities in project
    Info (12023): Found entity 1: BCD_D
Info (12128): Elaborating entity "BCD_D" for hierarchy "display:inst1|BCD_D:inst8"
Warning (12125): Using design file segmentoe.bdf, which is not specified as a design file for the current project, but contains definitions for 1 design units and 1 entities in project
    Info (12023): Found entity 1: SegmentoE
Info (12128): Elaborating entity "SegmentoE" for hierarchy "display:inst1|SegmentoE:inst5"
Warning (12125): Using design file f.bdf, which is not specified as a design file for the current project, but contains definitions for 1 design units and 1 entities in project
    Info (12023): Found entity 1: F
Info (12128): Elaborating entity "F" for hierarchy "display:inst1|F:inst6"
Warning (12125): Using design file decodg.bdf, which is not specified as a design file for the current project, but contains definitions for 1 design units and 1 entities in project
    Info (12023): Found entity 1: decodG
Info (12128): Elaborating entity "decodG" for hierarchy "display:inst1|decodG:inst7"
Info (12128): Elaborating entity "Reg" for hierarchy "Reg:inst"
Warning (12090): Entity "MUX41" obtained from "mux41.bdf" instead of from Quartus II megafunction library
Warning (12125): Using design file mux41.bdf, which is not specified as a design file for the current project, but contains definitions for 1 design units and 1 entities in project
    Info (12023): Found entity 1: MUX41
Info (12128): Elaborating entity "MUX41" for hierarchy "Reg:inst|MUX41:inst22"
Warning (12125): Using design file mux21.bdf, which is not specified as a design file for the current project, but contains definitions for 1 design units and 1 entities in project
    Info (12023): Found entity 1: MUX21
Info (12128): Elaborating entity "MUX21" for hierarchy "Reg:inst|MUX41:inst22|MUX21:inst4"
Warning (12125): Using design file somador.bdf, which is not specified as a design file for the current project, but contains definitions for 1 design units and 1 entities in project
    Info (12023): Found entity 1: Somador
Info (12128): Elaborating entity "somador" for hierarchy "Reg:inst|somador:inst"
Warning (12125): Using design file mux21_1bit.bdf, which is not specified as a design file for the current project, but contains definitions for 1 design units and 1 entities in project
    Info (12023): Found entity 1: MUX21_1BIT
Info (12128): Elaborating entity "MUX21_1BIT" for hierarchy "Reg:inst|somador:inst|MUX21_1BIT:inst4"
Warning (12125): Using design file auxsomador.bdf, which is not specified as a design file for the current project, but contains definitions for 1 design units and 1 entities in project
    Info (12023): Found entity 1: AuxSomador
Info (12128): Elaborating entity "AuxSomador" for hierarchy "Reg:inst|somador:inst|AuxSomador:inst13"
Warning (12125): Using design file subtrator.bdf, which is not specified as a design file for the current project, but contains definitions for 1 design units and 1 entities in project
    Info (12023): Found entity 1: Subtrator
Info (12128): Elaborating entity "subtrator" for hierarchy "Reg:inst|subtrator:inst4"
Warning (12125): Using design file auxsubtrator.bdf, which is not specified as a design file for the current project, but contains definitions for 1 design units and 1 entities in project
    Info (12023): Found entity 1: AuxSubtrator
Info (12128): Elaborating entity "AuxSubtrator" for hierarchy "Reg:inst|subtrator:inst4|AuxSubtrator:inst4"
Warning (12125): Using design file divfreq.bdf, which is not specified as a design file for the current project, but contains definitions for 1 design units and 1 entities in project
    Info (12023): Found entity 1: divFreq
Info (12128): Elaborating entity "divFreq" for hierarchy "divFreq:inst3"
Info (286030): Timing-Driven Synthesis is running
Info (16010): Generating hard_block partition "hard_block:auto_generated_inst"
    Info (16011): Adding 0 node(s), including 0 DDIO, 0 PLL, 0 transceiver and 0 LCELL
Info (21057): Implemented 93 device resources after synthesis - the final resource count might be different
    Info (21058): Implemented 13 input pins
    Info (21059): Implemented 14 output pins
    Info (21061): Implemented 66 logic cells
Info: Quartus II 64-Bit Analysis & Synthesis was successful. 0 errors, 18 warnings
    Info: Peak virtual memory: 4617 megabytes
    Info: Processing ended: Thu Dec 21 12:14:57 2023
    Info: Elapsed time: 00:00:04
    Info: Total CPU time (on all processors): 00:00:03


